Beginning simplex projects
Zeroing 9168 terminals
Starting Training...
# [freeforall_generic]  Parameters:
# [freeforall_generic]  nepochs=20 nSplits=2 nShufflers=1
# [freeforall_generic]  initial_stepsize=0.1 step_diminish=1
[Epoch Stats] epoch: 1 epoch_time: 52.6975 total_time: 60.2292s perm_time 3.27e-07 train_rmse: 6.35774 test_rmse: 0
[Epoch Stats] epoch: 2 epoch_time: 49.149 total_time: 116.489s perm_time 4e-07 train_rmse: 6.3837 test_rmse: 0
[Epoch Stats] epoch: 3 epoch_time: 49.2112 total_time: 172.242s perm_time 5.21e-07 train_rmse: 6.38229 test_rmse: 0
[Epoch Stats] epoch: 4 epoch_time: 48.0168 total_time: 226.544s perm_time 5.04e-07 train_rmse: 6.38971 test_rmse: 0
[Epoch Stats] epoch: 5 epoch_time: 48.9097 total_time: 282.996s perm_time 5.24e-07 train_rmse: 6.38898 test_rmse: 0
[Epoch Stats] epoch: 6 epoch_time: 48.9613 total_time: 339.435s perm_time 6.25e-07 train_rmse: 6.39332 test_rmse: 0
[Epoch Stats] epoch: 7 epoch_time: 47.7575 total_time: 393.542s perm_time 3.77e-07 train_rmse: 6.39254 test_rmse: 0
[Epoch Stats] epoch: 8 epoch_time: 48.3402 total_time: 449.499s perm_time 3.67e-07 train_rmse: 6.38998 test_rmse: 0
[Epoch Stats] epoch: 9 epoch_time: 48.9157 total_time: 505.72s perm_time 5.18e-07 train_rmse: 6.38833 test_rmse: 0
[Epoch Stats] epoch: 10 epoch_time: 48.6658 total_time: 561.62s perm_time 5.18e-07 train_rmse: 6.3907 test_rmse: 0
[Epoch Stats] epoch: 11 epoch_time: 48.3957 total_time: 617.501s perm_time 5.08e-07 train_rmse: 6.38124 test_rmse: 0
[Epoch Stats] epoch: 12 epoch_time: 48.6145 total_time: 672.49s perm_time 5.15e-07 train_rmse: 6.38701 test_rmse: 0
[Epoch Stats] epoch: 13 epoch_time: 48.5028 total_time: 727.323s perm_time 5.14e-07 train_rmse: 6.38617 test_rmse: 0
[Epoch Stats] epoch: 14 epoch_time: 48.8931 total_time: 783.443s perm_time 7.11e-07 train_rmse: 6.38694 test_rmse: 0
[Epoch Stats] epoch: 15 epoch_time: 47.5892 total_time: 837.39s perm_time 5.14e-07 train_rmse: 6.38693 test_rmse: 0
[Epoch Stats] epoch: 16 epoch_time: 48.3341 total_time: 893.036s perm_time 5.15e-07 train_rmse: 6.38928 test_rmse: 0
[Epoch Stats] epoch: 17 epoch_time: 48.3394 total_time: 947.686s perm_time 5.08e-07 train_rmse: 6.37955 test_rmse: 0
[Epoch Stats] epoch: 18 epoch_time: 48.3171 total_time: 1002.28s perm_time 3.74e-07 train_rmse: 6.38735 test_rmse: 0
[Epoch Stats] epoch: 19 epoch_time: 48.9679 total_time: 1058.63s perm_time 3.77e-07 train_rmse: 6.38344 test_rmse: 0
[Epoch Stats] epoch: 20 epoch_time: 49.2131 total_time: 1114.13s perm_time 3.48e-07 train_rmse: 6.39396 test_rmse: 0
