Beginning simplex projects
Zeroing 9168 terminals
Starting Training...
# [freeforall_generic]  Parameters:
# [freeforall_generic]  nepochs=20 nSplits=8 nShufflers=1
# [freeforall_generic]  initial_stepsize=0.1 step_diminish=0.95
[Epoch Stats] epoch: 1 epoch_time: 21.0226 total_time: 22.0747s perm_time 4.713e-06 train_rmse: 6.35523 test_rmse: 0
[Epoch Stats] epoch: 2 epoch_time: 19.2412 total_time: 42.4284s perm_time 9.899e-06 train_rmse: 6.37542 test_rmse: 0
[Epoch Stats] epoch: 3 epoch_time: 19.382 total_time: 62.8543s perm_time 6.864e-06 train_rmse: 6.39303 test_rmse: 0
[Epoch Stats] epoch: 4 epoch_time: 18.392 total_time: 82.3463s perm_time 9.138e-06 train_rmse: 6.39448 test_rmse: 0
[Epoch Stats] epoch: 5 epoch_time: 18.9175 total_time: 102.359s perm_time 9.785e-06 train_rmse: 6.41626 test_rmse: 0
[Epoch Stats] epoch: 6 epoch_time: 18.9477 total_time: 122.382s perm_time 4.759e-06 train_rmse: 6.38845 test_rmse: 0
[Epoch Stats] epoch: 7 epoch_time: 19.0071 total_time: 142.511s perm_time 9.372e-06 train_rmse: 6.40769 test_rmse: 0
[Epoch Stats] epoch: 8 epoch_time: 18.8058 total_time: 162.382s perm_time 9.897e-06 train_rmse: 6.39024 test_rmse: 0
[Epoch Stats] epoch: 9 epoch_time: 19.2288 total_time: 182.66s perm_time 5.817e-06 train_rmse: 6.39933 test_rmse: 0
[Epoch Stats] epoch: 10 epoch_time: 19.3306 total_time: 203.107s perm_time 4.433e-06 train_rmse: 6.37979 test_rmse: 0
[Epoch Stats] epoch: 11 epoch_time: 19.4347 total_time: 223.664s perm_time 9.616e-06 train_rmse: 6.40548 test_rmse: 0
[Epoch Stats] epoch: 12 epoch_time: 18.7823 total_time: 243.544s perm_time 9.512e-06 train_rmse: 6.39748 test_rmse: 0
[Epoch Stats] epoch: 13 epoch_time: 19.3966 total_time: 264.064s perm_time 9.458e-06 train_rmse: 6.38828 test_rmse: 0
[Epoch Stats] epoch: 14 epoch_time: 19.3419 total_time: 284.526s perm_time 9.445e-06 train_rmse: 6.38128 test_rmse: 0
[Epoch Stats] epoch: 15 epoch_time: 19.2891 total_time: 304.902s perm_time 9.837e-06 train_rmse: 6.40227 test_rmse: 0
[Epoch Stats] epoch: 16 epoch_time: 19.0239 total_time: 325.03s perm_time 9.475e-06 train_rmse: 6.38093 test_rmse: 0
[Epoch Stats] epoch: 17 epoch_time: 19.132 total_time: 345.305s perm_time 9.318e-06 train_rmse: 6.37102 test_rmse: 0
[Epoch Stats] epoch: 18 epoch_time: 19.1328 total_time: 365.52s perm_time 4.127e-06 train_rmse: 6.37802 test_rmse: 0
[Epoch Stats] epoch: 19 epoch_time: 19.3491 total_time: 385.967s perm_time 9.923e-06 train_rmse: 6.36743 test_rmse: 0
[Epoch Stats] epoch: 20 epoch_time: 19.3674 total_time: 406.501s perm_time 4.528e-06 train_rmse: 6.40052 test_rmse: 0
