Beginning simplex projects
Zeroing 9168 terminals
Starting Training...
# [freeforall_generic]  Parameters:
# [freeforall_generic]  nepochs=20 nSplits=8 nShufflers=1
# [freeforall_generic]  initial_stepsize=0.1 step_diminish=0.95
[Epoch Stats] epoch: 1 epoch_time: 11.5762 total_time: 12.7391s perm_time 6.971e-06 train_rmse: 6.28379 test_rmse: 0
[Epoch Stats] epoch: 2 epoch_time: 10.8718 total_time: 24.7916s perm_time 8.226e-06 train_rmse: 6.29676 test_rmse: 0
[Epoch Stats] epoch: 3 epoch_time: 10.53 total_time: 36.4187s perm_time 6.792e-06 train_rmse: 6.29753 test_rmse: 0
[Epoch Stats] epoch: 4 epoch_time: 10.3508 total_time: 47.9325s perm_time 1.1363e-05 train_rmse: 6.29966 test_rmse: 0
[Epoch Stats] epoch: 5 epoch_time: 10.3243 total_time: 59.407s perm_time 9.632e-06 train_rmse: 6.31149 test_rmse: 0
[Epoch Stats] epoch: 6 epoch_time: 10.3713 total_time: 70.8706s perm_time 1.1246e-05 train_rmse: 6.29842 test_rmse: 0
[Epoch Stats] epoch: 7 epoch_time: 10.3307 total_time: 82.3009s perm_time 1.0227e-05 train_rmse: 6.30572 test_rmse: 0
[Epoch Stats] epoch: 8 epoch_time: 10.357 total_time: 93.7561s perm_time 7.78e-06 train_rmse: 6.29396 test_rmse: 0
[Epoch Stats] epoch: 9 epoch_time: 10.336 total_time: 105.225s perm_time 1.0819e-05 train_rmse: 6.29593 test_rmse: 0
[Epoch Stats] epoch: 10 epoch_time: 10.3803 total_time: 116.769s perm_time 1.0758e-05 train_rmse: 6.29148 test_rmse: 0
[Epoch Stats] epoch: 11 epoch_time: 10.4729 total_time: 128.325s perm_time 7.981e-06 train_rmse: 6.29138 test_rmse: 0
[Epoch Stats] epoch: 12 epoch_time: 10.515 total_time: 139.98s perm_time 7.754e-06 train_rmse: 6.30011 test_rmse: 0
[Epoch Stats] epoch: 13 epoch_time: 10.6388 total_time: 151.722s perm_time 7.043e-06 train_rmse: 6.30201 test_rmse: 0
[Epoch Stats] epoch: 14 epoch_time: 10.5288 total_time: 163.403s perm_time 1.0284e-05 train_rmse: 6.29477 test_rmse: 0
[Epoch Stats] epoch: 15 epoch_time: 10.4443 total_time: 174.926s perm_time 1.1824e-05 train_rmse: 6.29113 test_rmse: 0
[Epoch Stats] epoch: 16 epoch_time: 10.8135 total_time: 186.818s perm_time 1.0565e-05 train_rmse: 6.29659 test_rmse: 0
[Epoch Stats] epoch: 17 epoch_time: 10.6217 total_time: 198.564s perm_time 1.0504e-05 train_rmse: 6.28826 test_rmse: 0
[Epoch Stats] epoch: 18 epoch_time: 10.6526 total_time: 210.352s perm_time 9.045e-06 train_rmse: 6.2995 test_rmse: 0
[Epoch Stats] epoch: 19 epoch_time: 10.546 total_time: 221.966s perm_time 1.1069e-05 train_rmse: 6.29143 test_rmse: 0
[Epoch Stats] epoch: 20 epoch_time: 10.499 total_time: 233.602s perm_time 2.7868e-05 train_rmse: 6.29271 test_rmse: 0
