Starting Training...
# [freeforall_generic]  Parameters:
# [freeforall_generic]  nepochs=20 nSplits=2 nShufflers=1
# [freeforall_generic]  initial_stepsize=0.001 step_diminish=0.95
[Epoch Stats] epoch: 1 epoch_time: 8.95632 total_time: 21.1317s perm_time 5.65e-07 train_rmse: 1.08509 test_rmse: 1.12915
[Epoch Stats] epoch: 2 epoch_time: 23.6018 total_time: 55.549s perm_time 1.137e-06 train_rmse: 1.08509 test_rmse: 1.12915
[Epoch Stats] epoch: 3 epoch_time: 23.2475 total_time: 89.7554s perm_time 1.343e-06 train_rmse: 1.08509 test_rmse: 1.12915
[Epoch Stats] epoch: 4 epoch_time: 22.3189 total_time: 122.844s perm_time 1.128e-06 train_rmse: 1.08506 test_rmse: 1.12914
[Epoch Stats] epoch: 5 epoch_time: 23.0883 total_time: 156.93s perm_time 1.232e-06 train_rmse: 1.08426 test_rmse: 1.1289
[Epoch Stats] epoch: 6 epoch_time: 23.7381 total_time: 191.539s perm_time 1.313e-06 train_rmse: 1.06821 test_rmse: 1.1238
[Epoch Stats] epoch: 7 epoch_time: 22.5459 total_time: 225.061s perm_time 1.437e-06 train_rmse: 1.00339 test_rmse: 1.09345
[Epoch Stats] epoch: 8 epoch_time: 23.4283 total_time: 259.578s perm_time 1.329e-06 train_rmse: 0.966367 test_rmse: 1.06388
[Epoch Stats] epoch: 9 epoch_time: 23.4669 total_time: 295.001s perm_time 1.482e-06 train_rmse: 0.948403 test_rmse: 1.04602
[Epoch Stats] epoch: 10 epoch_time: 23.7747 total_time: 329.721s perm_time 1.237e-06 train_rmse: 0.935643 test_rmse: 1.03341
[Epoch Stats] epoch: 11 epoch_time: 23.3927 total_time: 364.104s perm_time 1.079e-06 train_rmse: 0.923276 test_rmse: 1.02268
[Epoch Stats] epoch: 12 epoch_time: 23.4598 total_time: 398.705s perm_time 9.56e-07 train_rmse: 0.912623 test_rmse: 1.01314
[Epoch Stats] epoch: 13 epoch_time: 23.7872 total_time: 433.341s perm_time 1.196e-06 train_rmse: 0.905258 test_rmse: 1.00545
[Epoch Stats] epoch: 14 epoch_time: 23.4787 total_time: 467.981s perm_time 1.163e-06 train_rmse: 0.900029 test_rmse: 0.999491
[Epoch Stats] epoch: 15 epoch_time: 23.6779 total_time: 502.672s perm_time 1.55e-06 train_rmse: 0.895995 test_rmse: 0.994742
[Epoch Stats] epoch: 16 epoch_time: 23.5817 total_time: 537.433s perm_time 1.31e-06 train_rmse: 0.892643 test_rmse: 0.990835
[Epoch Stats] epoch: 17 epoch_time: 23.6464 total_time: 572.199s perm_time 1.537e-06 train_rmse: 0.889639 test_rmse: 0.987495
[Epoch Stats] epoch: 18 epoch_time: 23.8661 total_time: 607.221s perm_time 1.216e-06 train_rmse: 0.886752 test_rmse: 0.984579
[Epoch Stats] epoch: 19 epoch_time: 23.4245 total_time: 641.59s perm_time 1.119e-06 train_rmse: 0.883871 test_rmse: 0.981942
[Epoch Stats] epoch: 20 epoch_time: 23.5581 total_time: 676.216s perm_time 1.125e-06 train_rmse: 0.881015 test_rmse: 0.979508
