Starting Training...47236 rows=781265 nExamples=59938577
# [freeforall_generic]  Parameters:
# [freeforall_generic]  nepochs=20 nSplits=5 nShufflers=1
# [freeforall_generic]  initial_stepsize=0.1 step_diminish=0.8
[Epoch Stats] epoch: 1 epoch_time: 3.45601 total_time: 3.64665s perm_time 1.1089e-05 train_rmse: 0.333117 test_rmse: 0.331617
[Epoch Stats] epoch: 2 epoch_time: 3.3817 total_time: 7.21337s perm_time 9.799e-06 train_rmse: 0.325889 test_rmse: 0.329038
[Epoch Stats] epoch: 3 epoch_time: 3.38064 total_time: 10.7849s perm_time 1.1102e-05 train_rmse: 0.322044 test_rmse: 0.327454
[Epoch Stats] epoch: 4 epoch_time: 3.27434 total_time: 14.2558s perm_time 9.903e-06 train_rmse: 0.319964 test_rmse: 0.326839
[Epoch Stats] epoch: 5 epoch_time: 3.3418 total_time: 17.7446s perm_time 1.0571e-05 train_rmse: 0.318264 test_rmse: 0.326644
[Epoch Stats] epoch: 6 epoch_time: 3.28126 total_time: 21.1824s perm_time 1.0858e-05 train_rmse: 0.317207 test_rmse: 0.326463
[Epoch Stats] epoch: 7 epoch_time: 3.29718 total_time: 24.6161s perm_time 1.0555e-05 train_rmse: 0.316473 test_rmse: 0.326471
[Epoch Stats] epoch: 8 epoch_time: 3.43609 total_time: 28.2331s perm_time 1.14e-05 train_rmse: 0.315813 test_rmse: 0.326527
[Epoch Stats] epoch: 9 epoch_time: 3.34296 total_time: 31.7689s perm_time 1.1359e-05 train_rmse: 0.315451 test_rmse: 0.326592
[Epoch Stats] epoch: 10 epoch_time: 3.36921 total_time: 35.3208s perm_time 1.1196e-05 train_rmse: 0.315056 test_rmse: 0.326456
[Epoch Stats] epoch: 11 epoch_time: 3.39524 total_time: 38.8707s perm_time 1.1557e-05 train_rmse: 0.314786 test_rmse: 0.326503
[Epoch Stats] epoch: 12 epoch_time: 3.33921 total_time: 42.3595s perm_time 1.0708e-05 train_rmse: 0.314596 test_rmse: 0.326519
[Epoch Stats] epoch: 13 epoch_time: 3.32943 total_time: 45.8355s perm_time 1.0504e-05 train_rmse: 0.314442 test_rmse: 0.326427
[Epoch Stats] epoch: 14 epoch_time: 3.34489 total_time: 49.3703s perm_time 1.0652e-05 train_rmse: 0.314283 test_rmse: 0.32646
[Epoch Stats] epoch: 15 epoch_time: 3.39789 total_time: 52.9497s perm_time 9.602e-06 train_rmse: 0.314189 test_rmse: 0.326498
[Epoch Stats] epoch: 16 epoch_time: 3.37436 total_time: 56.4875s perm_time 1.0738e-05 train_rmse: 0.314111 test_rmse: 0.326503
[Epoch Stats] epoch: 17 epoch_time: 3.40734 total_time: 60.0237s perm_time 9.943e-06 train_rmse: 0.314049 test_rmse: 0.326507
[Epoch Stats] epoch: 18 epoch_time: 3.4135 total_time: 63.6163s perm_time 6.186e-06 train_rmse: 0.314009 test_rmse: 0.326513
[Epoch Stats] epoch: 19 epoch_time: 3.40291 total_time: 67.1542s perm_time 6.519e-06 train_rmse: 0.313964 test_rmse: 0.326534
[Epoch Stats] epoch: 20 epoch_time: 3.32134 total_time: 70.6073s perm_time 1.1938e-05 train_rmse: 0.313934 test_rmse: 0.326552
