Starting Training...47236 rows=781265 nExamples=59938577
# [freeforall_generic]  Parameters:
# [freeforall_generic]  nepochs=20 nSplits=1 nShufflers=1
# [freeforall_generic]  initial_stepsize=0.5 step_diminish=0.9
[Epoch Stats] epoch: 1 epoch_time: 2.1662 total_time: 2.64829s perm_time 6.51e-07 train_rmse: 0.328673 test_rmse: 0.335996
[Epoch Stats] epoch: 2 epoch_time: 1.43793 total_time: 4.67206s perm_time 6.16e-07 train_rmse: 0.322379 test_rmse: 0.336591
[Epoch Stats] epoch: 3 epoch_time: 1.28993 total_time: 6.47948s perm_time 4.77e-07 train_rmse: 0.318088 test_rmse: 0.337455
[Epoch Stats] epoch: 4 epoch_time: 1.64172 total_time: 8.72789s perm_time 4.97e-07 train_rmse: 0.315494 test_rmse: 0.338213
[Epoch Stats] epoch: 5 epoch_time: 1.55408 total_time: 10.6275s perm_time 6e-07 train_rmse: 0.31148 test_rmse: 0.33614
[Epoch Stats] epoch: 6 epoch_time: 1.56588 total_time: 12.7488s perm_time 5.69e-07 train_rmse: 0.308673 test_rmse: 0.334938
[Epoch Stats] epoch: 7 epoch_time: 1.54606 total_time: 14.6445s perm_time 6.87e-07 train_rmse: 0.306849 test_rmse: 0.336137
[Epoch Stats] epoch: 8 epoch_time: 1.9412 total_time: 16.9145s perm_time 6.85e-07 train_rmse: 0.305627 test_rmse: 0.337336
[Epoch Stats] epoch: 9 epoch_time: 1.84244 total_time: 19.3143s perm_time 6.38e-07 train_rmse: 0.304098 test_rmse: 0.337608
[Epoch Stats] epoch: 10 epoch_time: 1.8272 total_time: 21.4945s perm_time 6.9e-07 train_rmse: 0.302823 test_rmse: 0.337764
[Epoch Stats] epoch: 11 epoch_time: 1.58774 total_time: 23.4146s perm_time 6.85e-07 train_rmse: 0.302533 test_rmse: 0.336595
[Epoch Stats] epoch: 12 epoch_time: 1.62207 total_time: 25.6269s perm_time 4.77e-07 train_rmse: 0.301743 test_rmse: 0.338227
[Epoch Stats] epoch: 13 epoch_time: 1.54571 total_time: 27.5085s perm_time 7.76e-07 train_rmse: 0.300391 test_rmse: 0.337712
[Epoch Stats] epoch: 14 epoch_time: 1.65013 total_time: 29.6941s perm_time 5.13e-07 train_rmse: 0.299853 test_rmse: 0.337869
[Epoch Stats] epoch: 15 epoch_time: 1.67789 total_time: 31.9183s perm_time 8.08e-07 train_rmse: 0.29918 test_rmse: 0.338528
[Epoch Stats] epoch: 16 epoch_time: 1.31395 total_time: 33.7879s perm_time 4.62e-07 train_rmse: 0.298486 test_rmse: 0.338558
[Epoch Stats] epoch: 17 epoch_time: 1.52333 total_time: 35.6929s perm_time 1.237e-06 train_rmse: 0.297981 test_rmse: 0.338441
[Epoch Stats] epoch: 18 epoch_time: 1.33888 total_time: 37.6282s perm_time 7.15e-07 train_rmse: 0.297622 test_rmse: 0.338445
[Epoch Stats] epoch: 19 epoch_time: 1.25873 total_time: 39.4218s perm_time 7.74e-07 train_rmse: 0.297285 test_rmse: 0.338582
[Epoch Stats] epoch: 20 epoch_time: 1.75706 total_time: 41.7619s perm_time 5.23e-07 train_rmse: 0.296925 test_rmse: 0.338752
