Starting Training...47236 rows=781265 nExamples=59938577
# [freeforall_generic]  Parameters:
# [freeforall_generic]  nepochs=20 nSplits=10 nShufflers=1
# [freeforall_generic]  initial_stepsize=0.5 step_diminish=0.8
[Epoch Stats] epoch: 1 epoch_time: 0.366009 total_time: 0.432988s perm_time 6.184e-06 train_rmse: 0.331969 test_rmse: 0.338701
[Epoch Stats] epoch: 2 epoch_time: 0.33415 total_time: 0.827837s perm_time 7.898e-06 train_rmse: 0.320498 test_rmse: 0.33402
[Epoch Stats] epoch: 3 epoch_time: 0.344689 total_time: 1.23461s perm_time 6.974e-06 train_rmse: 0.315309 test_rmse: 0.336131
[Epoch Stats] epoch: 4 epoch_time: 0.33321 total_time: 1.64767s perm_time 9.221e-06 train_rmse: 0.311613 test_rmse: 0.333475
[Epoch Stats] epoch: 5 epoch_time: 0.332474 total_time: 2.06034s perm_time 1.0086e-05 train_rmse: 0.308577 test_rmse: 0.332981
[Epoch Stats] epoch: 6 epoch_time: 0.339712 total_time: 2.48329s perm_time 8.864e-06 train_rmse: 0.30656 test_rmse: 0.333527
[Epoch Stats] epoch: 7 epoch_time: 0.347432 total_time: 2.91467s perm_time 9.735e-06 train_rmse: 0.305189 test_rmse: 0.332455
[Epoch Stats] epoch: 8 epoch_time: 0.334263 total_time: 3.33188s perm_time 8.984e-06 train_rmse: 0.303762 test_rmse: 0.333936
[Epoch Stats] epoch: 9 epoch_time: 0.347279 total_time: 3.76547s perm_time 1.0304e-05 train_rmse: 0.302937 test_rmse: 0.333219
[Epoch Stats] epoch: 10 epoch_time: 0.339554 total_time: 4.18377s perm_time 9.264e-06 train_rmse: 0.302082 test_rmse: 0.333683
[Epoch Stats] epoch: 11 epoch_time: 0.333701 total_time: 4.59076s perm_time 9.719e-06 train_rmse: 0.301615 test_rmse: 0.333297
[Epoch Stats] epoch: 12 epoch_time: 0.327617 total_time: 4.97901s perm_time 9.295e-06 train_rmse: 0.301359 test_rmse: 0.333126
[Epoch Stats] epoch: 13 epoch_time: 0.335195 total_time: 5.3917s perm_time 9.947e-06 train_rmse: 0.300951 test_rmse: 0.333057
[Epoch Stats] epoch: 14 epoch_time: 0.335026 total_time: 5.80386s perm_time 8.777e-06 train_rmse: 0.300695 test_rmse: 0.33338
[Epoch Stats] epoch: 15 epoch_time: 0.346977 total_time: 6.23288s perm_time 1.0137e-05 train_rmse: 0.300578 test_rmse: 0.333694
[Epoch Stats] epoch: 16 epoch_time: 0.348478 total_time: 6.66276s perm_time 8.666e-06 train_rmse: 0.300379 test_rmse: 0.333554
[Epoch Stats] epoch: 17 epoch_time: 0.331729 total_time: 7.06889s perm_time 9.639e-06 train_rmse: 0.300303 test_rmse: 0.333663
[Epoch Stats] epoch: 18 epoch_time: 0.349897 total_time: 7.48115s perm_time 8.42e-06 train_rmse: 0.300221 test_rmse: 0.333624
[Epoch Stats] epoch: 19 epoch_time: 0.35132 total_time: 7.91216s perm_time 1.0447e-05 train_rmse: 0.300142 test_rmse: 0.333686
[Epoch Stats] epoch: 20 epoch_time: 0.346957 total_time: 8.32184s perm_time 9.636e-06 train_rmse: 0.300101 test_rmse: 0.333642
