Starting Training...47236 rows=781265 nExamples=59938577
# [freeforall_generic]  Parameters:
# [freeforall_generic]  nepochs=20 nSplits=2 nShufflers=1
# [freeforall_generic]  initial_stepsize=0.1 step_diminish=1
[Epoch Stats] epoch: 1 epoch_time: 0.963848 total_time: 1.33403s perm_time 3.92e-07 train_rmse: 0.332637 test_rmse: 0.331381
[Epoch Stats] epoch: 2 epoch_time: 0.959373 total_time: 2.70253s perm_time 2.95e-07 train_rmse: 0.325052 test_rmse: 0.32757
[Epoch Stats] epoch: 3 epoch_time: 0.874941 total_time: 3.98518s perm_time 3.83e-07 train_rmse: 0.320728 test_rmse: 0.326277
[Epoch Stats] epoch: 4 epoch_time: 0.881316 total_time: 5.28824s perm_time 3.83e-07 train_rmse: 0.318028 test_rmse: 0.326429
[Epoch Stats] epoch: 5 epoch_time: 0.913306 total_time: 6.50153s perm_time 4.58e-07 train_rmse: 0.31608 test_rmse: 0.32777
[Epoch Stats] epoch: 6 epoch_time: 0.899793 total_time: 7.6975s perm_time 6.47e-07 train_rmse: 0.314003 test_rmse: 0.326475
[Epoch Stats] epoch: 7 epoch_time: 0.874131 total_time: 8.98663s perm_time 5.88e-07 train_rmse: 0.312949 test_rmse: 0.328391
[Epoch Stats] epoch: 8 epoch_time: 0.968888 total_time: 10.4458s perm_time 5.1e-07 train_rmse: 0.311509 test_rmse: 0.327269
[Epoch Stats] epoch: 9 epoch_time: 0.990577 total_time: 11.9373s perm_time 5.59e-07 train_rmse: 0.310295 test_rmse: 0.328029
[Epoch Stats] epoch: 10 epoch_time: 0.926372 total_time: 13.2946s perm_time 5.24e-07 train_rmse: 0.309925 test_rmse: 0.329322
[Epoch Stats] epoch: 11 epoch_time: 0.933159 total_time: 14.7309s perm_time 5.18e-07 train_rmse: 0.308811 test_rmse: 0.328988
[Epoch Stats] epoch: 12 epoch_time: 0.880735 total_time: 16.0371s perm_time 4.58e-07 train_rmse: 0.307686 test_rmse: 0.32892
[Epoch Stats] epoch: 13 epoch_time: 0.92417 total_time: 17.4413s perm_time 5.22e-07 train_rmse: 0.307041 test_rmse: 0.329747
[Epoch Stats] epoch: 14 epoch_time: 0.893891 total_time: 18.7459s perm_time 4.55e-07 train_rmse: 0.30674 test_rmse: 0.331034
[Epoch Stats] epoch: 15 epoch_time: 0.779866 total_time: 19.9559s perm_time 3.3e-07 train_rmse: 0.30591 test_rmse: 0.330035
[Epoch Stats] epoch: 16 epoch_time: 0.958937 total_time: 21.3081s perm_time 5.35e-07 train_rmse: 0.305312 test_rmse: 0.331411
[Epoch Stats] epoch: 17 epoch_time: 0.964861 total_time: 22.7536s perm_time 5.18e-07 train_rmse: 0.305019 test_rmse: 0.330649
[Epoch Stats] epoch: 18 epoch_time: 0.831615 total_time: 24.0038s perm_time 4.51e-07 train_rmse: 0.304692 test_rmse: 0.330828
[Epoch Stats] epoch: 19 epoch_time: 0.94977 total_time: 25.2575s perm_time 5.14e-07 train_rmse: 0.30416 test_rmse: 0.332011
[Epoch Stats] epoch: 20 epoch_time: 0.98289 total_time: 26.7369s perm_time 5.48e-07 train_rmse: 0.303759 test_rmse: 0.331391
