Starting Training...47236 rows=781265 nExamples=59938577
# [freeforall_generic]  Parameters:
# [freeforall_generic]  nepochs=20 nSplits=2 nShufflers=1
# [freeforall_generic]  initial_stepsize=0.1 step_diminish=0.9
[Epoch Stats] epoch: 1 epoch_time: 2.46385 total_time: 2.89003s perm_time 3.8e-07 train_rmse: 0.332907 test_rmse: 0.331542
[Epoch Stats] epoch: 2 epoch_time: 1.99586 total_time: 5.35524s perm_time 3.6e-07 train_rmse: 0.325378 test_rmse: 0.32787
[Epoch Stats] epoch: 3 epoch_time: 1.95693 total_time: 7.78908s perm_time 5.54e-07 train_rmse: 0.321392 test_rmse: 0.326975
[Epoch Stats] epoch: 4 epoch_time: 2.1515 total_time: 10.3709s perm_time 4.74e-07 train_rmse: 0.318789 test_rmse: 0.326623
[Epoch Stats] epoch: 5 epoch_time: 1.99684 total_time: 12.8253s perm_time 4.75e-07 train_rmse: 0.316856 test_rmse: 0.327216
[Epoch Stats] epoch: 6 epoch_time: 2.06652 total_time: 15.3524s perm_time 4.71e-07 train_rmse: 0.315396 test_rmse: 0.326768
[Epoch Stats] epoch: 7 epoch_time: 2.06112 total_time: 17.8871s perm_time 4.78e-07 train_rmse: 0.314261 test_rmse: 0.326659
[Epoch Stats] epoch: 8 epoch_time: 2.03681 total_time: 20.3513s perm_time 5.28e-07 train_rmse: 0.31339 test_rmse: 0.326701
[Epoch Stats] epoch: 9 epoch_time: 2.07745 total_time: 22.8123s perm_time 4.96e-07 train_rmse: 0.312418 test_rmse: 0.326594
[Epoch Stats] epoch: 10 epoch_time: 2.05205 total_time: 25.3065s perm_time 4.94e-07 train_rmse: 0.311857 test_rmse: 0.326824
[Epoch Stats] epoch: 11 epoch_time: 1.98251 total_time: 27.7342s perm_time 4.71e-07 train_rmse: 0.311299 test_rmse: 0.32708
[Epoch Stats] epoch: 12 epoch_time: 1.96467 total_time: 30.1691s perm_time 4.29e-07 train_rmse: 0.310858 test_rmse: 0.327157
[Epoch Stats] epoch: 13 epoch_time: 2.00626 total_time: 32.6139s perm_time 4.68e-07 train_rmse: 0.310449 test_rmse: 0.327197
[Epoch Stats] epoch: 14 epoch_time: 2.01772 total_time: 35.0515s perm_time 4.71e-07 train_rmse: 0.310022 test_rmse: 0.327002
[Epoch Stats] epoch: 15 epoch_time: 2.07673 total_time: 37.5813s perm_time 4.41e-07 train_rmse: 0.309717 test_rmse: 0.32759
[Epoch Stats] epoch: 16 epoch_time: 1.94228 total_time: 40.1593s perm_time 4.65e-07 train_rmse: 0.309459 test_rmse: 0.327367
[Epoch Stats] epoch: 17 epoch_time: 2.0228 total_time: 42.916s perm_time 4.68e-07 train_rmse: 0.309208 test_rmse: 0.327651
[Epoch Stats] epoch: 18 epoch_time: 2.02615 total_time: 45.4254s perm_time 4.94e-07 train_rmse: 0.309004 test_rmse: 0.327554
[Epoch Stats] epoch: 19 epoch_time: 2.00324 total_time: 47.8915s perm_time 5.05e-07 train_rmse: 0.308832 test_rmse: 0.32763
[Epoch Stats] epoch: 20 epoch_time: 2.00837 total_time: 50.6189s perm_time 4.58e-07 train_rmse: 0.308712 test_rmse: 0.327709
