Starting Training...47236 rows=781265 nExamples=59938577
# [freeforall_generic]  Parameters:
# [freeforall_generic]  nepochs=20 nSplits=10 nShufflers=1
# [freeforall_generic]  initial_stepsize=0.5 step_diminish=0.8
[Epoch Stats] epoch: 1 epoch_time: 4.47666 total_time: 4.5915s perm_time 1.0123e-05 train_rmse: 0.331513 test_rmse: 0.33861
[Epoch Stats] epoch: 2 epoch_time: 4.21468 total_time: 8.88831s perm_time 9.769e-06 train_rmse: 0.320875 test_rmse: 0.336425
[Epoch Stats] epoch: 3 epoch_time: 3.97937 total_time: 12.9373s perm_time 1.1674e-05 train_rmse: 0.317481 test_rmse: 0.335253
[Epoch Stats] epoch: 4 epoch_time: 4.1003 total_time: 17.1106s perm_time 7.3e-06 train_rmse: 0.311698 test_rmse: 0.33393
[Epoch Stats] epoch: 5 epoch_time: 4.30905 total_time: 21.5029s perm_time 6.886e-06 train_rmse: 0.308464 test_rmse: 0.334415
[Epoch Stats] epoch: 6 epoch_time: 4.06844 total_time: 25.6549s perm_time 5.302e-06 train_rmse: 0.30652 test_rmse: 0.332891
[Epoch Stats] epoch: 7 epoch_time: 4.12849 total_time: 29.865s perm_time 5.534e-06 train_rmse: 0.305283 test_rmse: 0.333632
[Epoch Stats] epoch: 8 epoch_time: 4.19993 total_time: 34.1628s perm_time 8.907e-06 train_rmse: 0.303844 test_rmse: 0.332904
[Epoch Stats] epoch: 9 epoch_time: 4.14355 total_time: 38.3916s perm_time 4.698e-06 train_rmse: 0.303163 test_rmse: 0.3331
[Epoch Stats] epoch: 10 epoch_time: 3.9181 total_time: 42.3771s perm_time 6.481e-06 train_rmse: 0.302299 test_rmse: 0.332827
[Epoch Stats] epoch: 11 epoch_time: 4.22547 total_time: 46.6811s perm_time 1.0241e-05 train_rmse: 0.301811 test_rmse: 0.333277
[Epoch Stats] epoch: 12 epoch_time: 4.19473 total_time: 50.9537s perm_time 5.288e-06 train_rmse: 0.301427 test_rmse: 0.333269
[Epoch Stats] epoch: 13 epoch_time: 4.19995 total_time: 55.2291s perm_time 9.803e-06 train_rmse: 0.301052 test_rmse: 0.333309
[Epoch Stats] epoch: 14 epoch_time: 4.15246 total_time: 59.4618s perm_time 4.223e-06 train_rmse: 0.300757 test_rmse: 0.333362
[Epoch Stats] epoch: 15 epoch_time: 4.26326 total_time: 63.8136s perm_time 9.657e-06 train_rmse: 0.30063 test_rmse: 0.333547
[Epoch Stats] epoch: 16 epoch_time: 4.22195 total_time: 68.1152s perm_time 9.929e-06 train_rmse: 0.300461 test_rmse: 0.333491
[Epoch Stats] epoch: 17 epoch_time: 4.22259 total_time: 72.4241s perm_time 1.0354e-05 train_rmse: 0.300342 test_rmse: 0.333414
[Epoch Stats] epoch: 18 epoch_time: 4.2238 total_time: 76.7389s perm_time 9.869e-06 train_rmse: 0.30027 test_rmse: 0.333619
[Epoch Stats] epoch: 19 epoch_time: 4.24097 total_time: 81.064s perm_time 1.0241e-05 train_rmse: 0.300201 test_rmse: 0.333553
[Epoch Stats] epoch: 20 epoch_time: 4.24525 total_time: 85.3967s perm_time 9.405e-06 train_rmse: 0.300168 test_rmse: 0.333434
