Starting Training...47236 rows=781265 nExamples=59938577
# [freeforall_generic]  Parameters:
# [freeforall_generic]  nepochs=20 nSplits=8 nShufflers=1
# [freeforall_generic]  initial_stepsize=0.5 step_diminish=0.9
[Epoch Stats] epoch: 1 epoch_time: 0.426739 total_time: 0.531536s perm_time 9.579e-06 train_rmse: 0.329854 test_rmse: 0.338795
[Epoch Stats] epoch: 2 epoch_time: 0.382861 total_time: 1.0188s perm_time 9.034e-06 train_rmse: 0.322614 test_rmse: 0.339292
[Epoch Stats] epoch: 3 epoch_time: 0.386666 total_time: 1.50986s perm_time 9.629e-06 train_rmse: 0.31881 test_rmse: 0.338659
[Epoch Stats] epoch: 4 epoch_time: 0.366118 total_time: 1.97238s perm_time 8.784e-06 train_rmse: 0.314419 test_rmse: 0.337055
[Epoch Stats] epoch: 5 epoch_time: 0.374079 total_time: 2.4485s perm_time 9.575e-06 train_rmse: 0.310957 test_rmse: 0.337451
[Epoch Stats] epoch: 6 epoch_time: 0.382663 total_time: 2.92867s perm_time 8.159e-06 train_rmse: 0.310054 test_rmse: 0.337718
[Epoch Stats] epoch: 7 epoch_time: 0.39552 total_time: 3.41796s perm_time 9.007e-06 train_rmse: 0.307171 test_rmse: 0.338227
[Epoch Stats] epoch: 8 epoch_time: 0.369068 total_time: 3.86527s perm_time 8.108e-06 train_rmse: 0.305683 test_rmse: 0.338198
[Epoch Stats] epoch: 9 epoch_time: 0.377441 total_time: 4.33038s perm_time 9.385e-06 train_rmse: 0.304015 test_rmse: 0.338435
[Epoch Stats] epoch: 10 epoch_time: 0.365399 total_time: 4.76848s perm_time 1.5486e-05 train_rmse: 0.303382 test_rmse: 0.339321
[Epoch Stats] epoch: 11 epoch_time: 0.372202 total_time: 5.21657s perm_time 9.519e-06 train_rmse: 0.301971 test_rmse: 0.338302
[Epoch Stats] epoch: 12 epoch_time: 0.370511 total_time: 5.69112s perm_time 7.893e-06 train_rmse: 0.301127 test_rmse: 0.337759
[Epoch Stats] epoch: 13 epoch_time: 0.385128 total_time: 6.17963s perm_time 1.0851e-05 train_rmse: 0.300136 test_rmse: 0.338063
[Epoch Stats] epoch: 14 epoch_time: 0.372911 total_time: 6.65657s perm_time 8.714e-06 train_rmse: 0.299545 test_rmse: 0.337485
[Epoch Stats] epoch: 15 epoch_time: 0.397232 total_time: 7.1383s perm_time 9.509e-06 train_rmse: 0.298927 test_rmse: 0.338549
[Epoch Stats] epoch: 16 epoch_time: 0.393688 total_time: 7.60791s perm_time 1.0538e-05 train_rmse: 0.298491 test_rmse: 0.338817
[Epoch Stats] epoch: 17 epoch_time: 0.399002 total_time: 8.08362s perm_time 9.402e-06 train_rmse: 0.29815 test_rmse: 0.338699
[Epoch Stats] epoch: 18 epoch_time: 0.378517 total_time: 8.5476s perm_time 8.746e-06 train_rmse: 0.297731 test_rmse: 0.338383
[Epoch Stats] epoch: 19 epoch_time: 0.369012 total_time: 8.9973s perm_time 1.007e-05 train_rmse: 0.297215 test_rmse: 0.339307
[Epoch Stats] epoch: 20 epoch_time: 0.387253 total_time: 9.48858s perm_time 8.303e-06 train_rmse: 0.297193 test_rmse: 0.340245
