Starting Training...47236 rows=781265 nExamples=59938577
# [freeforall_generic]  Parameters:
# [freeforall_generic]  nepochs=20 nSplits=4 nShufflers=1
# [freeforall_generic]  initial_stepsize=0.01 step_diminish=1
[Epoch Stats] epoch: 1 epoch_time: 0.66638 total_time: 0.850152s perm_time 2.6398e-05 train_rmse: 0.371828 test_rmse: 0.367935
[Epoch Stats] epoch: 2 epoch_time: 0.619639 total_time: 1.62736s perm_time 2.3801e-05 train_rmse: 0.355584 test_rmse: 0.350994
[Epoch Stats] epoch: 3 epoch_time: 0.607995 total_time: 2.39848s perm_time 2.5078e-05 train_rmse: 0.348153 test_rmse: 0.343664
[Epoch Stats] epoch: 4 epoch_time: 0.633245 total_time: 3.27804s perm_time 3.2642e-05 train_rmse: 0.343508 test_rmse: 0.339594
[Epoch Stats] epoch: 5 epoch_time: 0.640988 total_time: 4.08609s perm_time 2.7116e-05 train_rmse: 0.340234 test_rmse: 0.336746
[Epoch Stats] epoch: 6 epoch_time: 0.5867 total_time: 4.83437s perm_time 2.4453e-05 train_rmse: 0.337682 test_rmse: 0.33474
[Epoch Stats] epoch: 7 epoch_time: 0.613954 total_time: 5.60505s perm_time 2.5285e-05 train_rmse: 0.335681 test_rmse: 0.333458
[Epoch Stats] epoch: 8 epoch_time: 0.601233 total_time: 6.37073s perm_time 2.5456e-05 train_rmse: 0.333912 test_rmse: 0.332234
[Epoch Stats] epoch: 9 epoch_time: 0.564108 total_time: 7.15177s perm_time 3.0093e-05 train_rmse: 0.332444 test_rmse: 0.331357
[Epoch Stats] epoch: 10 epoch_time: 0.610246 total_time: 7.92613s perm_time 4.0928e-05 train_rmse: 0.331174 test_rmse: 0.330648
[Epoch Stats] epoch: 11 epoch_time: 0.611594 total_time: 8.77211s perm_time 2.7473e-05 train_rmse: 0.330026 test_rmse: 0.330126
[Epoch Stats] epoch: 12 epoch_time: 0.646831 total_time: 9.63345s perm_time 2.428e-05 train_rmse: 0.329031 test_rmse: 0.329653
[Epoch Stats] epoch: 13 epoch_time: 0.604594 total_time: 10.3994s perm_time 2.9385e-05 train_rmse: 0.328069 test_rmse: 0.329051
[Epoch Stats] epoch: 14 epoch_time: 0.627928 total_time: 11.1928s perm_time 2.4844e-05 train_rmse: 0.327225 test_rmse: 0.328827
[Epoch Stats] epoch: 15 epoch_time: 0.63085 total_time: 11.9899s perm_time 2.5719e-05 train_rmse: 0.326432 test_rmse: 0.328541
[Epoch Stats] epoch: 16 epoch_time: 0.595116 total_time: 12.7426s perm_time 2.4537e-05 train_rmse: 0.325742 test_rmse: 0.328267
[Epoch Stats] epoch: 17 epoch_time: 0.574786 total_time: 13.5318s perm_time 2.8035e-05 train_rmse: 0.325065 test_rmse: 0.328145
[Epoch Stats] epoch: 18 epoch_time: 0.624399 total_time: 14.3245s perm_time 2.1553e-05 train_rmse: 0.324431 test_rmse: 0.327822
[Epoch Stats] epoch: 19 epoch_time: 0.594249 total_time: 15.0345s perm_time 2.7727e-05 train_rmse: 0.32382 test_rmse: 0.327626
[Epoch Stats] epoch: 20 epoch_time: 0.630825 total_time: 15.8455s perm_time 2.5543e-05 train_rmse: 0.323266 test_rmse: 0.327536
