Starting Training...47236 rows=781265 nExamples=59938577
# [freeforall_generic]  Parameters:
# [freeforall_generic]  nepochs=20 nSplits=5 nShufflers=1
# [freeforall_generic]  initial_stepsize=0.5 step_diminish=0.9
[Epoch Stats] epoch: 1 epoch_time: 0.568921 total_time: 0.75378s perm_time 1.0922e-05 train_rmse: 0.330458 test_rmse: 0.337182
[Epoch Stats] epoch: 2 epoch_time: 0.525389 total_time: 1.40602s perm_time 7.256e-06 train_rmse: 0.323095 test_rmse: 0.33909
[Epoch Stats] epoch: 3 epoch_time: 0.49382 total_time: 2.07575s perm_time 9.342e-06 train_rmse: 0.316965 test_rmse: 0.338051
[Epoch Stats] epoch: 4 epoch_time: 0.514572 total_time: 2.7161s perm_time 6.132e-06 train_rmse: 0.314109 test_rmse: 0.3399
[Epoch Stats] epoch: 5 epoch_time: 0.545801 total_time: 3.39973s perm_time 6.522e-06 train_rmse: 0.310588 test_rmse: 0.3365
[Epoch Stats] epoch: 6 epoch_time: 0.529878 total_time: 4.03965s perm_time 9.171e-06 train_rmse: 0.309241 test_rmse: 0.336686
[Epoch Stats] epoch: 7 epoch_time: 0.552469 total_time: 4.72849s perm_time 1.0056e-05 train_rmse: 0.307369 test_rmse: 0.338045
[Epoch Stats] epoch: 8 epoch_time: 0.523299 total_time: 5.37219s perm_time 9.666e-06 train_rmse: 0.306001 test_rmse: 0.338226
[Epoch Stats] epoch: 9 epoch_time: 0.497582 total_time: 5.99388s perm_time 1.029e-05 train_rmse: 0.304258 test_rmse: 0.337412
[Epoch Stats] epoch: 10 epoch_time: 0.506076 total_time: 6.62197s perm_time 1.0421e-05 train_rmse: 0.302928 test_rmse: 0.337221
[Epoch Stats] epoch: 11 epoch_time: 0.506417 total_time: 7.29082s perm_time 1.0404e-05 train_rmse: 0.302411 test_rmse: 0.338933
[Epoch Stats] epoch: 12 epoch_time: 0.50848 total_time: 7.9265s perm_time 8.813e-06 train_rmse: 0.301277 test_rmse: 0.337596
[Epoch Stats] epoch: 13 epoch_time: 0.512105 total_time: 8.61169s perm_time 1.0384e-05 train_rmse: 0.300125 test_rmse: 0.33808
[Epoch Stats] epoch: 14 epoch_time: 0.515778 total_time: 9.25688s perm_time 9.152e-06 train_rmse: 0.299815 test_rmse: 0.337988
[Epoch Stats] epoch: 15 epoch_time: 0.510785 total_time: 9.93587s perm_time 7.671e-06 train_rmse: 0.299298 test_rmse: 0.338879
[Epoch Stats] epoch: 16 epoch_time: 0.531618 total_time: 10.6318s perm_time 2.0155e-05 train_rmse: 0.298361 test_rmse: 0.338571
[Epoch Stats] epoch: 17 epoch_time: 0.52428 total_time: 11.2981s perm_time 9.556e-06 train_rmse: 0.298256 test_rmse: 0.33892
[Epoch Stats] epoch: 18 epoch_time: 0.53142 total_time: 11.9509s perm_time 9.275e-06 train_rmse: 0.297995 test_rmse: 0.338556
[Epoch Stats] epoch: 19 epoch_time: 0.514953 total_time: 12.5829s perm_time 9.603e-06 train_rmse: 0.297395 test_rmse: 0.338233
[Epoch Stats] epoch: 20 epoch_time: 0.502789 total_time: 13.2492s perm_time 9.054e-06 train_rmse: 0.297014 test_rmse: 0.339313
