Starting Training...47236 rows=781265 nExamples=59938577
# [freeforall_generic]  Parameters:
# [freeforall_generic]  nepochs=20 nSplits=9 nShufflers=1
# [freeforall_generic]  initial_stepsize=0.1 step_diminish=1
[Epoch Stats] epoch: 1 epoch_time: 0.393346 total_time: 0.495301s perm_time 7.455e-06 train_rmse: 0.333016 test_rmse: 0.330626
[Epoch Stats] epoch: 2 epoch_time: 0.380757 total_time: 0.958034s perm_time 8.887e-06 train_rmse: 0.324904 test_rmse: 0.327763
[Epoch Stats] epoch: 3 epoch_time: 0.371753 total_time: 1.41502s perm_time 1.0778e-05 train_rmse: 0.320884 test_rmse: 0.326242
[Epoch Stats] epoch: 4 epoch_time: 0.364473 total_time: 1.83534s perm_time 9.218e-06 train_rmse: 0.317898 test_rmse: 0.327622
[Epoch Stats] epoch: 5 epoch_time: 0.37095 total_time: 2.29491s perm_time 1.0147e-05 train_rmse: 0.315864 test_rmse: 0.3273
[Epoch Stats] epoch: 6 epoch_time: 0.373648 total_time: 2.75438s perm_time 8.303e-06 train_rmse: 0.314439 test_rmse: 0.32771
[Epoch Stats] epoch: 7 epoch_time: 0.366849 total_time: 3.19011s perm_time 9.682e-06 train_rmse: 0.312578 test_rmse: 0.327741
[Epoch Stats] epoch: 8 epoch_time: 0.35802 total_time: 3.64108s perm_time 9.792e-06 train_rmse: 0.311445 test_rmse: 0.327916
[Epoch Stats] epoch: 9 epoch_time: 0.368847 total_time: 4.10254s perm_time 9.936e-06 train_rmse: 0.310394 test_rmse: 0.328219
[Epoch Stats] epoch: 10 epoch_time: 0.374559 total_time: 4.56562s perm_time 8.801e-06 train_rmse: 0.309489 test_rmse: 0.329418
[Epoch Stats] epoch: 11 epoch_time: 0.373669 total_time: 5.00839s perm_time 1.0321e-05 train_rmse: 0.308971 test_rmse: 0.329394
[Epoch Stats] epoch: 12 epoch_time: 0.37234 total_time: 5.47053s perm_time 9.251e-06 train_rmse: 0.307901 test_rmse: 0.330804
[Epoch Stats] epoch: 13 epoch_time: 0.360794 total_time: 5.92084s perm_time 1.0989e-05 train_rmse: 0.307354 test_rmse: 0.330284
[Epoch Stats] epoch: 14 epoch_time: 0.372797 total_time: 6.38267s perm_time 3.2749e-05 train_rmse: 0.306413 test_rmse: 0.330217
[Epoch Stats] epoch: 15 epoch_time: 0.357496 total_time: 6.82726s perm_time 9.785e-06 train_rmse: 0.306296 test_rmse: 0.331099
[Epoch Stats] epoch: 16 epoch_time: 0.359529 total_time: 7.27462s perm_time 9.562e-06 train_rmse: 0.305317 test_rmse: 0.330184
[Epoch Stats] epoch: 17 epoch_time: 0.375752 total_time: 7.73178s perm_time 9.706e-06 train_rmse: 0.30481 test_rmse: 0.3314
[Epoch Stats] epoch: 18 epoch_time: 0.363859 total_time: 8.18207s perm_time 1.0003e-05 train_rmse: 0.304602 test_rmse: 0.33086
[Epoch Stats] epoch: 19 epoch_time: 0.354361 total_time: 8.62723s perm_time 9.044e-06 train_rmse: 0.304323 test_rmse: 0.331861
[Epoch Stats] epoch: 20 epoch_time: 0.358903 total_time: 9.07425s perm_time 8.907e-06 train_rmse: 0.303657 test_rmse: 0.332049
