Starting Training...47236 rows=781265 nExamples=59938577
# [freeforall_generic]  Parameters:
# [freeforall_generic]  nepochs=20 nSplits=5 nShufflers=1
# [freeforall_generic]  initial_stepsize=0.5 step_diminish=1
[Epoch Stats] epoch: 1 epoch_time: 3.36654 total_time: 3.53427s perm_time 9.849e-06 train_rmse: 0.330766 test_rmse: 0.338998
[Epoch Stats] epoch: 2 epoch_time: 3.38287 total_time: 7.09493s perm_time 8.03e-06 train_rmse: 0.32461 test_rmse: 0.338438
[Epoch Stats] epoch: 3 epoch_time: 3.40237 total_time: 10.6635s perm_time 1.1025e-05 train_rmse: 0.320734 test_rmse: 0.339569
[Epoch Stats] epoch: 4 epoch_time: 3.24039 total_time: 14.0678s perm_time 8.77e-06 train_rmse: 0.318128 test_rmse: 0.338914
[Epoch Stats] epoch: 5 epoch_time: 3.26292 total_time: 17.4644s perm_time 9.299e-06 train_rmse: 0.31863 test_rmse: 0.343665
[Epoch Stats] epoch: 6 epoch_time: 3.21288 total_time: 20.825s perm_time 9.633e-06 train_rmse: 0.315308 test_rmse: 0.345147
[Epoch Stats] epoch: 7 epoch_time: 3.39017 total_time: 24.3814s perm_time 8.961e-06 train_rmse: 0.312724 test_rmse: 0.344421
[Epoch Stats] epoch: 8 epoch_time: 3.29683 total_time: 27.8126s perm_time 9.489e-06 train_rmse: 0.311849 test_rmse: 0.346481
[Epoch Stats] epoch: 9 epoch_time: 3.3186 total_time: 31.2602s perm_time 9.448e-06 train_rmse: 0.311379 test_rmse: 0.345948
[Epoch Stats] epoch: 10 epoch_time: 3.39533 total_time: 34.837s perm_time 9.011e-06 train_rmse: 0.312309 test_rmse: 0.348898
[Epoch Stats] epoch: 11 epoch_time: 3.27477 total_time: 38.2714s perm_time 1.056e-05 train_rmse: 0.310963 test_rmse: 0.352633
[Epoch Stats] epoch: 12 epoch_time: 3.18206 total_time: 41.5669s perm_time 9.088e-06 train_rmse: 0.309743 test_rmse: 0.351567
[Epoch Stats] epoch: 13 epoch_time: 3.36933 total_time: 45.11s perm_time 9.385e-06 train_rmse: 0.308976 test_rmse: 0.352113
[Epoch Stats] epoch: 14 epoch_time: 3.33948 total_time: 48.6078s perm_time 9.775e-06 train_rmse: 0.308718 test_rmse: 0.354765
[Epoch Stats] epoch: 15 epoch_time: 3.2997 total_time: 52.1024s perm_time 9.175e-06 train_rmse: 0.309249 test_rmse: 0.355782
[Epoch Stats] epoch: 16 epoch_time: 3.32199 total_time: 55.551s perm_time 9.174e-06 train_rmse: 0.307463 test_rmse: 0.354732
[Epoch Stats] epoch: 17 epoch_time: 3.43325 total_time: 59.1355s perm_time 1.0574e-05 train_rmse: 0.30685 test_rmse: 0.353834
[Epoch Stats] epoch: 18 epoch_time: 3.33027 total_time: 62.6326s perm_time 9.495e-06 train_rmse: 0.305607 test_rmse: 0.353971
[Epoch Stats] epoch: 19 epoch_time: 3.22495 total_time: 66.0426s perm_time 5.238e-06 train_rmse: 0.307009 test_rmse: 0.35913
[Epoch Stats] epoch: 20 epoch_time: 3.22054 total_time: 69.4368s perm_time 9.405e-06 train_rmse: 0.307469 test_rmse: 0.356576
