Starting Training...47236 rows=781265 nExamples=59938577
# [freeforall_generic]  Parameters:
# [freeforall_generic]  nepochs=20 nSplits=1 nShufflers=1
# [freeforall_generic]  initial_stepsize=0.01 step_diminish=0.9
[Epoch Stats] epoch: 1 epoch_time: 1.52795 total_time: 2.29833s perm_time 5.99e-07 train_rmse: 0.371742 test_rmse: 0.367705
[Epoch Stats] epoch: 2 epoch_time: 1.18638 total_time: 3.95377s perm_time 6.79e-07 train_rmse: 0.356645 test_rmse: 0.352011
[Epoch Stats] epoch: 3 epoch_time: 1.37428 total_time: 5.75343s perm_time 6.72e-07 train_rmse: 0.349912 test_rmse: 0.345364
[Epoch Stats] epoch: 4 epoch_time: 1.66774 total_time: 7.96157s perm_time 6.22e-07 train_rmse: 0.3459 test_rmse: 0.341552
[Epoch Stats] epoch: 5 epoch_time: 1.36728 total_time: 9.906s perm_time 6.67e-07 train_rmse: 0.343159 test_rmse: 0.339246
[Epoch Stats] epoch: 6 epoch_time: 1.22958 total_time: 11.5757s perm_time 5.08e-07 train_rmse: 0.341151 test_rmse: 0.337535
[Epoch Stats] epoch: 7 epoch_time: 1.24358 total_time: 13.1414s perm_time 4.55e-07 train_rmse: 0.339609 test_rmse: 0.336285
[Epoch Stats] epoch: 8 epoch_time: 1.79254 total_time: 15.3281s perm_time 6.15e-07 train_rmse: 0.338392 test_rmse: 0.335318
[Epoch Stats] epoch: 9 epoch_time: 1.55013 total_time: 17.2515s perm_time 6.18e-07 train_rmse: 0.337386 test_rmse: 0.334632
[Epoch Stats] epoch: 10 epoch_time: 1.23014 total_time: 18.8622s perm_time 6.11e-07 train_rmse: 0.33657 test_rmse: 0.334041
[Epoch Stats] epoch: 11 epoch_time: 1.22735 total_time: 20.5165s perm_time 3.09e-07 train_rmse: 0.33588 test_rmse: 0.333564
[Epoch Stats] epoch: 12 epoch_time: 1.18413 total_time: 22.1052s perm_time 6.14e-07 train_rmse: 0.335299 test_rmse: 0.333163
[Epoch Stats] epoch: 13 epoch_time: 1.59869 total_time: 24.1383s perm_time 6.41e-07 train_rmse: 0.334814 test_rmse: 0.332849
[Epoch Stats] epoch: 14 epoch_time: 1.40314 total_time: 26.026s perm_time 6.28e-07 train_rmse: 0.33437 test_rmse: 0.332574
[Epoch Stats] epoch: 15 epoch_time: 1.19347 total_time: 27.563s perm_time 6.31e-07 train_rmse: 0.333999 test_rmse: 0.332334
[Epoch Stats] epoch: 16 epoch_time: 1.21829 total_time: 29.1627s perm_time 6.32e-07 train_rmse: 0.333675 test_rmse: 0.332128
[Epoch Stats] epoch: 17 epoch_time: 1.22627 total_time: 30.8035s perm_time 4.52e-07 train_rmse: 0.333394 test_rmse: 0.331975
[Epoch Stats] epoch: 18 epoch_time: 1.20549 total_time: 32.4808s perm_time 6.25e-07 train_rmse: 0.333147 test_rmse: 0.331851
[Epoch Stats] epoch: 19 epoch_time: 1.16939 total_time: 34.088s perm_time 6.95e-07 train_rmse: 0.33293 test_rmse: 0.331728
[Epoch Stats] epoch: 20 epoch_time: 1.23785 total_time: 35.7713s perm_time 5.88e-07 train_rmse: 0.33274 test_rmse: 0.331623
