Starting Training...47236 rows=781265 nExamples=59938577
# [freeforall_generic]  Parameters:
# [freeforall_generic]  nepochs=20 nSplits=8 nShufflers=1
# [freeforall_generic]  initial_stepsize=0.1 step_diminish=0.8
[Epoch Stats] epoch: 1 epoch_time: 4.34109 total_time: 4.43247s perm_time 5.499e-06 train_rmse: 0.333581 test_rmse: 0.33244
[Epoch Stats] epoch: 2 epoch_time: 3.95657 total_time: 8.47732s perm_time 9.579e-06 train_rmse: 0.325704 test_rmse: 0.328185
[Epoch Stats] epoch: 3 epoch_time: 4.07695 total_time: 12.6542s perm_time 6.106e-06 train_rmse: 0.322119 test_rmse: 0.326974
[Epoch Stats] epoch: 4 epoch_time: 3.99054 total_time: 16.7479s perm_time 7.233e-06 train_rmse: 0.320004 test_rmse: 0.326487
[Epoch Stats] epoch: 5 epoch_time: 3.99309 total_time: 20.853s perm_time 1.2673e-05 train_rmse: 0.318337 test_rmse: 0.326614
[Epoch Stats] epoch: 6 epoch_time: 3.936 total_time: 24.8869s perm_time 4.285e-06 train_rmse: 0.317234 test_rmse: 0.326269
[Epoch Stats] epoch: 7 epoch_time: 3.86089 total_time: 28.8338s perm_time 1.2663e-05 train_rmse: 0.316444 test_rmse: 0.326006
[Epoch Stats] epoch: 8 epoch_time: 4.05515 total_time: 32.9864s perm_time 8.954e-06 train_rmse: 0.315905 test_rmse: 0.326168
[Epoch Stats] epoch: 9 epoch_time: 4.02182 total_time: 37.1128s perm_time 1.2686e-05 train_rmse: 0.315386 test_rmse: 0.326073
[Epoch Stats] epoch: 10 epoch_time: 4.03921 total_time: 41.2491s perm_time 2.736e-05 train_rmse: 0.315068 test_rmse: 0.326331
[Epoch Stats] epoch: 11 epoch_time: 4.13507 total_time: 45.4834s perm_time 1.5643e-05 train_rmse: 0.314779 test_rmse: 0.326342
[Epoch Stats] epoch: 12 epoch_time: 3.899 total_time: 49.4847s perm_time 9.154e-06 train_rmse: 0.314584 test_rmse: 0.326475
[Epoch Stats] epoch: 13 epoch_time: 4.00491 total_time: 53.5795s perm_time 1.2075e-05 train_rmse: 0.314437 test_rmse: 0.326408
[Epoch Stats] epoch: 14 epoch_time: 3.94068 total_time: 57.6296s perm_time 4.854e-06 train_rmse: 0.314304 test_rmse: 0.326471
[Epoch Stats] epoch: 15 epoch_time: 3.97178 total_time: 61.7097s perm_time 7.92e-06 train_rmse: 0.314205 test_rmse: 0.326469
[Epoch Stats] epoch: 16 epoch_time: 3.83279 total_time: 65.6333s perm_time 4.739e-06 train_rmse: 0.314118 test_rmse: 0.326485
[Epoch Stats] epoch: 17 epoch_time: 3.95316 total_time: 69.689s perm_time 6.169e-06 train_rmse: 0.314058 test_rmse: 0.326455
[Epoch Stats] epoch: 18 epoch_time: 4.07944 total_time: 73.8875s perm_time 4.945e-06 train_rmse: 0.314008 test_rmse: 0.326458
[Epoch Stats] epoch: 19 epoch_time: 3.93534 total_time: 77.9204s perm_time 6.229e-06 train_rmse: 0.313969 test_rmse: 0.326465
[Epoch Stats] epoch: 20 epoch_time: 3.89911 total_time: 81.9102s perm_time 8.711e-06 train_rmse: 0.313938 test_rmse: 0.326481
