Starting Training...47236 rows=781265 nExamples=59938577
# [freeforall_generic]  Parameters:
# [freeforall_generic]  nepochs=20 nSplits=2 nShufflers=1
# [freeforall_generic]  initial_stepsize=0.01 step_diminish=0.8
[Epoch Stats] epoch: 1 epoch_time: 1.1168 total_time: 1.82504s perm_time 6.88e-07 train_rmse: 0.37179 test_rmse: 0.367944
[Epoch Stats] epoch: 2 epoch_time: 0.938833 total_time: 3.18952s perm_time 4.29e-07 train_rmse: 0.357796 test_rmse: 0.353355
[Epoch Stats] epoch: 3 epoch_time: 0.883481 total_time: 4.43223s perm_time 5.21e-07 train_rmse: 0.351805 test_rmse: 0.347356
[Epoch Stats] epoch: 4 epoch_time: 0.89824 total_time: 5.73263s perm_time 5.31e-07 train_rmse: 0.348429 test_rmse: 0.344083
[Epoch Stats] epoch: 5 epoch_time: 0.944242 total_time: 7.12124s perm_time 6.25e-07 train_rmse: 0.34628 test_rmse: 0.342044
[Epoch Stats] epoch: 6 epoch_time: 0.95699 total_time: 8.64753s perm_time 7.11e-07 train_rmse: 0.344785 test_rmse: 0.340674
[Epoch Stats] epoch: 7 epoch_time: 0.948333 total_time: 10.1615s perm_time 6.51e-07 train_rmse: 0.343712 test_rmse: 0.339737
[Epoch Stats] epoch: 8 epoch_time: 0.928517 total_time: 11.6657s perm_time 7.72e-07 train_rmse: 0.342923 test_rmse: 0.339073
[Epoch Stats] epoch: 9 epoch_time: 0.931411 total_time: 12.9274s perm_time 6.22e-07 train_rmse: 0.342326 test_rmse: 0.33857
[Epoch Stats] epoch: 10 epoch_time: 0.887217 total_time: 14.1484s perm_time 5.42e-07 train_rmse: 0.341875 test_rmse: 0.338195
[Epoch Stats] epoch: 11 epoch_time: 0.905244 total_time: 15.6172s perm_time 7.08e-07 train_rmse: 0.341523 test_rmse: 0.337893
[Epoch Stats] epoch: 12 epoch_time: 0.948355 total_time: 17.13s perm_time 6.12e-07 train_rmse: 0.341251 test_rmse: 0.337684
[Epoch Stats] epoch: 13 epoch_time: 0.94789 total_time: 18.5049s perm_time 7.89e-07 train_rmse: 0.341039 test_rmse: 0.337508
[Epoch Stats] epoch: 14 epoch_time: 0.916342 total_time: 19.7962s perm_time 6.55e-07 train_rmse: 0.340872 test_rmse: 0.337375
[Epoch Stats] epoch: 15 epoch_time: 0.951331 total_time: 21.1441s perm_time 7.25e-07 train_rmse: 0.34074 test_rmse: 0.337267
[Epoch Stats] epoch: 16 epoch_time: 0.937664 total_time: 22.4127s perm_time 6.01e-07 train_rmse: 0.340636 test_rmse: 0.337183
[Epoch Stats] epoch: 17 epoch_time: 0.905404 total_time: 23.6873s perm_time 5.18e-07 train_rmse: 0.340553 test_rmse: 0.337118
[Epoch Stats] epoch: 18 epoch_time: 0.895022 total_time: 25.139s perm_time 5.62e-07 train_rmse: 0.340487 test_rmse: 0.337065
[Epoch Stats] epoch: 19 epoch_time: 0.895114 total_time: 26.442s perm_time 5.35e-07 train_rmse: 0.340434 test_rmse: 0.337023
[Epoch Stats] epoch: 20 epoch_time: 0.916568 total_time: 27.7716s perm_time 6.48e-07 train_rmse: 0.340392 test_rmse: 0.33699
