Starting Training...47236 rows=781265 nExamples=59938577
# [freeforall_generic]  Parameters:
# [freeforall_generic]  nepochs=20 nSplits=8 nShufflers=1
# [freeforall_generic]  initial_stepsize=0.5 step_diminish=1
[Epoch Stats] epoch: 1 epoch_time: 4.32136 total_time: 4.45031s perm_time 9.95e-06 train_rmse: 0.329898 test_rmse: 0.334772
[Epoch Stats] epoch: 2 epoch_time: 3.96422 total_time: 8.51131s perm_time 3.987e-06 train_rmse: 0.324895 test_rmse: 0.337103
[Epoch Stats] epoch: 3 epoch_time: 3.957 total_time: 12.5635s perm_time 1.1802e-05 train_rmse: 0.319195 test_rmse: 0.339071
[Epoch Stats] epoch: 4 epoch_time: 3.83501 total_time: 16.4868s perm_time 8.383e-06 train_rmse: 0.318159 test_rmse: 0.340683
[Epoch Stats] epoch: 5 epoch_time: 3.89059 total_time: 20.4609s perm_time 1.1807e-05 train_rmse: 0.31625 test_rmse: 0.343607
[Epoch Stats] epoch: 6 epoch_time: 3.91611 total_time: 24.4786s perm_time 8.707e-06 train_rmse: 0.314723 test_rmse: 0.345026
[Epoch Stats] epoch: 7 epoch_time: 3.87833 total_time: 28.4318s perm_time 5.645e-06 train_rmse: 0.313611 test_rmse: 0.343026
[Epoch Stats] epoch: 8 epoch_time: 3.97324 total_time: 32.5025s perm_time 9.051e-06 train_rmse: 0.312786 test_rmse: 0.346473
[Epoch Stats] epoch: 9 epoch_time: 4.11391 total_time: 36.7085s perm_time 1.2271e-05 train_rmse: 0.312288 test_rmse: 0.349574
[Epoch Stats] epoch: 10 epoch_time: 3.94904 total_time: 40.7492s perm_time 8.633e-06 train_rmse: 0.311994 test_rmse: 0.351205
[Epoch Stats] epoch: 11 epoch_time: 3.81031 total_time: 44.6464s perm_time 8.305e-06 train_rmse: 0.310844 test_rmse: 0.350418
[Epoch Stats] epoch: 12 epoch_time: 3.97353 total_time: 48.7036s perm_time 9.155e-06 train_rmse: 0.310103 test_rmse: 0.352403
[Epoch Stats] epoch: 13 epoch_time: 3.89567 total_time: 52.6994s perm_time 1.1416e-05 train_rmse: 0.308892 test_rmse: 0.352249
[Epoch Stats] epoch: 14 epoch_time: 3.85106 total_time: 56.653s perm_time 8.48e-06 train_rmse: 0.309089 test_rmse: 0.352666
[Epoch Stats] epoch: 15 epoch_time: 3.88865 total_time: 60.6395s perm_time 6.025e-06 train_rmse: 0.307837 test_rmse: 0.353086
[Epoch Stats] epoch: 16 epoch_time: 3.94688 total_time: 64.6775s perm_time 9.589e-06 train_rmse: 0.308858 test_rmse: 0.356722
[Epoch Stats] epoch: 17 epoch_time: 3.93939 total_time: 68.7242s perm_time 1.2241e-05 train_rmse: 0.308758 test_rmse: 0.358303
[Epoch Stats] epoch: 18 epoch_time: 3.8701 total_time: 72.7072s perm_time 8.813e-06 train_rmse: 0.307634 test_rmse: 0.358774
[Epoch Stats] epoch: 19 epoch_time: 4.03002 total_time: 76.8282s perm_time 1.2148e-05 train_rmse: 0.307576 test_rmse: 0.356439
[Epoch Stats] epoch: 20 epoch_time: 3.93272 total_time: 80.88s perm_time 9.227e-06 train_rmse: 0.306652 test_rmse: 0.35911
