Starting Training...47236 rows=781265 nExamples=59938577
# [freeforall_generic]  Parameters:
# [freeforall_generic]  nepochs=20 nSplits=7 nShufflers=1
# [freeforall_generic]  initial_stepsize=0.01 step_diminish=0.9
[Epoch Stats] epoch: 1 epoch_time: 4.07411 total_time: 4.21818s perm_time 1.2289e-05 train_rmse: 0.374163 test_rmse: 0.370547
[Epoch Stats] epoch: 2 epoch_time: 3.87899 total_time: 8.19443s perm_time 4.892e-06 train_rmse: 0.357802 test_rmse: 0.353447
[Epoch Stats] epoch: 3 epoch_time: 3.73144 total_time: 12.0528s perm_time 8.918e-06 train_rmse: 0.350667 test_rmse: 0.346485
[Epoch Stats] epoch: 4 epoch_time: 3.82541 total_time: 15.9927s perm_time 9.017e-06 train_rmse: 0.346398 test_rmse: 0.342367
[Epoch Stats] epoch: 5 epoch_time: 3.82759 total_time: 19.9378s perm_time 9.218e-06 train_rmse: 0.343495 test_rmse: 0.33983
[Epoch Stats] epoch: 6 epoch_time: 3.93561 total_time: 23.9929s perm_time 1.3124e-05 train_rmse: 0.341408 test_rmse: 0.338016
[Epoch Stats] epoch: 7 epoch_time: 3.92039 total_time: 27.9984s perm_time 1.4113e-05 train_rmse: 0.33981 test_rmse: 0.336712
[Epoch Stats] epoch: 8 epoch_time: 3.74789 total_time: 31.8334s perm_time 7.629e-06 train_rmse: 0.338555 test_rmse: 0.335667
[Epoch Stats] epoch: 9 epoch_time: 3.61462 total_time: 35.5561s perm_time 9.809e-06 train_rmse: 0.337537 test_rmse: 0.33492
[Epoch Stats] epoch: 10 epoch_time: 3.7895 total_time: 39.4792s perm_time 1.9484e-05 train_rmse: 0.336689 test_rmse: 0.3343
[Epoch Stats] epoch: 11 epoch_time: 3.73959 total_time: 43.342s perm_time 1.0267e-05 train_rmse: 0.335987 test_rmse: 0.333767
[Epoch Stats] epoch: 12 epoch_time: 3.79703 total_time: 47.2562s perm_time 9.288e-06 train_rmse: 0.335392 test_rmse: 0.333377
[Epoch Stats] epoch: 13 epoch_time: 3.83719 total_time: 51.2123s perm_time 9.579e-06 train_rmse: 0.334889 test_rmse: 0.333081
[Epoch Stats] epoch: 14 epoch_time: 3.6147 total_time: 54.9308s perm_time 4.949e-06 train_rmse: 0.334443 test_rmse: 0.332778
[Epoch Stats] epoch: 15 epoch_time: 3.81981 total_time: 58.8534s perm_time 9.405e-06 train_rmse: 0.334066 test_rmse: 0.33254
[Epoch Stats] epoch: 16 epoch_time: 3.93576 total_time: 62.9017s perm_time 9.578e-06 train_rmse: 0.333738 test_rmse: 0.332324
[Epoch Stats] epoch: 17 epoch_time: 3.62295 total_time: 66.6052s perm_time 5.954e-06 train_rmse: 0.333454 test_rmse: 0.332127
[Epoch Stats] epoch: 18 epoch_time: 3.741 total_time: 70.4696s perm_time 4.892e-06 train_rmse: 0.333204 test_rmse: 0.331991
[Epoch Stats] epoch: 19 epoch_time: 3.71849 total_time: 74.3153s perm_time 8.969e-06 train_rmse: 0.332983 test_rmse: 0.331857
[Epoch Stats] epoch: 20 epoch_time: 3.68478 total_time: 78.1227s perm_time 5.149e-06 train_rmse: 0.332788 test_rmse: 0.331751
