Starting Training...47236 rows=781265 nExamples=59938577
# [freeforall_generic]  Parameters:
# [freeforall_generic]  nepochs=20 nSplits=4 nShufflers=1
# [freeforall_generic]  initial_stepsize=0.1 step_diminish=1
[Epoch Stats] epoch: 1 epoch_time: 3.21688 total_time: 3.39387s perm_time 3.9735e-05 train_rmse: 0.332841 test_rmse: 0.330575
[Epoch Stats] epoch: 2 epoch_time: 3.08413 total_time: 6.72028s perm_time 1.395e-05 train_rmse: 0.324848 test_rmse: 0.328378
[Epoch Stats] epoch: 3 epoch_time: 2.96537 total_time: 9.84276s perm_time 3.5585e-05 train_rmse: 0.32107 test_rmse: 0.327153
[Epoch Stats] epoch: 4 epoch_time: 3.0225 total_time: 13.0728s perm_time 2.8015e-05 train_rmse: 0.317903 test_rmse: 0.326661
[Epoch Stats] epoch: 5 epoch_time: 3.00514 total_time: 16.2934s perm_time 3.2064e-05 train_rmse: 0.315693 test_rmse: 0.327396
[Epoch Stats] epoch: 6 epoch_time: 3.02215 total_time: 19.538s perm_time 2.6813e-05 train_rmse: 0.314193 test_rmse: 0.326795
[Epoch Stats] epoch: 7 epoch_time: 2.95381 total_time: 22.7201s perm_time 2.9952e-05 train_rmse: 0.312664 test_rmse: 0.327308
[Epoch Stats] epoch: 8 epoch_time: 2.9507 total_time: 25.8434s perm_time 2.7435e-05 train_rmse: 0.311405 test_rmse: 0.32866
[Epoch Stats] epoch: 9 epoch_time: 2.97638 total_time: 29.0765s perm_time 1.5993e-05 train_rmse: 0.310494 test_rmse: 0.328471
[Epoch Stats] epoch: 10 epoch_time: 3.04331 total_time: 32.3419s perm_time 4.6848e-05 train_rmse: 0.309602 test_rmse: 0.328733
[Epoch Stats] epoch: 11 epoch_time: 3.14321 total_time: 35.6719s perm_time 1.8058e-05 train_rmse: 0.308902 test_rmse: 0.328914
[Epoch Stats] epoch: 12 epoch_time: 3.07216 total_time: 38.9017s perm_time 3.0074e-05 train_rmse: 0.308103 test_rmse: 0.329733
[Epoch Stats] epoch: 13 epoch_time: 3.01735 total_time: 42.0897s perm_time 4.031e-05 train_rmse: 0.307383 test_rmse: 0.329456
[Epoch Stats] epoch: 14 epoch_time: 2.91375 total_time: 45.2155s perm_time 3.0296e-05 train_rmse: 0.30669 test_rmse: 0.32958
[Epoch Stats] epoch: 15 epoch_time: 2.90162 total_time: 48.2623s perm_time 3.1303e-05 train_rmse: 0.305786 test_rmse: 0.330409
[Epoch Stats] epoch: 16 epoch_time: 3.02918 total_time: 51.524s perm_time 3.0802e-05 train_rmse: 0.305578 test_rmse: 0.330414
[Epoch Stats] epoch: 17 epoch_time: 2.97656 total_time: 54.6671s perm_time 3.2829e-05 train_rmse: 0.305043 test_rmse: 0.331051
[Epoch Stats] epoch: 18 epoch_time: 2.95733 total_time: 57.7987s perm_time 3.0253e-05 train_rmse: 0.304497 test_rmse: 0.331314
[Epoch Stats] epoch: 19 epoch_time: 3.02961 total_time: 61.022s perm_time 3.2365e-05 train_rmse: 0.304031 test_rmse: 0.331776
[Epoch Stats] epoch: 20 epoch_time: 2.81828 total_time: 63.9832s perm_time 2.6908e-05 train_rmse: 0.303754 test_rmse: 0.331994
