Starting Training...47236 rows=781265 nExamples=59938577
# [freeforall_generic]  Parameters:
# [freeforall_generic]  nepochs=20 nSplits=8 nShufflers=1
# [freeforall_generic]  initial_stepsize=0.5 step_diminish=0.9
[Epoch Stats] epoch: 1 epoch_time: 4.20268 total_time: 4.34073s perm_time 5.214e-06 train_rmse: 0.330394 test_rmse: 0.334762
[Epoch Stats] epoch: 2 epoch_time: 3.75283 total_time: 8.1986s perm_time 4.152e-06 train_rmse: 0.322698 test_rmse: 0.336741
[Epoch Stats] epoch: 3 epoch_time: 4.057 total_time: 12.3539s perm_time 5.641e-06 train_rmse: 0.31736 test_rmse: 0.338526
[Epoch Stats] epoch: 4 epoch_time: 3.80813 total_time: 16.2477s perm_time 3.835e-06 train_rmse: 0.314787 test_rmse: 0.335677
[Epoch Stats] epoch: 5 epoch_time: 3.89536 total_time: 20.2413s perm_time 5.679e-06 train_rmse: 0.311559 test_rmse: 0.337675
[Epoch Stats] epoch: 6 epoch_time: 3.9671 total_time: 24.3027s perm_time 7.036e-06 train_rmse: 0.30959 test_rmse: 0.33682
[Epoch Stats] epoch: 7 epoch_time: 3.97861 total_time: 28.3928s perm_time 1.0504e-05 train_rmse: 0.307396 test_rmse: 0.339548
[Epoch Stats] epoch: 8 epoch_time: 3.964 total_time: 32.4519s perm_time 8.379e-06 train_rmse: 0.30586 test_rmse: 0.336716
[Epoch Stats] epoch: 9 epoch_time: 3.97152 total_time: 36.5059s perm_time 1.2409e-05 train_rmse: 0.304443 test_rmse: 0.338824
[Epoch Stats] epoch: 10 epoch_time: 4.10451 total_time: 40.7031s perm_time 9.95e-06 train_rmse: 0.302742 test_rmse: 0.337868
[Epoch Stats] epoch: 11 epoch_time: 3.91495 total_time: 44.6911s perm_time 1.2388e-05 train_rmse: 0.301983 test_rmse: 0.337402
[Epoch Stats] epoch: 12 epoch_time: 3.89606 total_time: 48.6867s perm_time 9.135e-06 train_rmse: 0.3011 test_rmse: 0.336707
[Epoch Stats] epoch: 13 epoch_time: 3.89879 total_time: 52.6593s perm_time 1.2539e-05 train_rmse: 0.300393 test_rmse: 0.337927
[Epoch Stats] epoch: 14 epoch_time: 3.93944 total_time: 56.7041s perm_time 8.824e-06 train_rmse: 0.299713 test_rmse: 0.338218
[Epoch Stats] epoch: 15 epoch_time: 3.64033 total_time: 60.4362s perm_time 1.1804e-05 train_rmse: 0.298988 test_rmse: 0.337499
[Epoch Stats] epoch: 16 epoch_time: 3.85057 total_time: 64.3822s perm_time 9.078e-06 train_rmse: 0.298404 test_rmse: 0.33805
[Epoch Stats] epoch: 17 epoch_time: 4.04315 total_time: 68.5225s perm_time 1.0183e-05 train_rmse: 0.298075 test_rmse: 0.338216
[Epoch Stats] epoch: 18 epoch_time: 3.92106 total_time: 72.5384s perm_time 7.374e-06 train_rmse: 0.29767 test_rmse: 0.338574
[Epoch Stats] epoch: 19 epoch_time: 3.90248 total_time: 76.5334s perm_time 1.2853e-05 train_rmse: 0.297311 test_rmse: 0.338919
[Epoch Stats] epoch: 20 epoch_time: 4.01907 total_time: 80.6424s perm_time 1.0007e-05 train_rmse: 0.29695 test_rmse: 0.339101
