Starting Training...47236 rows=781265 nExamples=59938577
# [freeforall_generic]  Parameters:
# [freeforall_generic]  nepochs=20 nSplits=2 nShufflers=1
# [freeforall_generic]  initial_stepsize=0.01 step_diminish=0.9
[Epoch Stats] epoch: 1 epoch_time: 2.64722 total_time: 3.12581s perm_time 5.41e-07 train_rmse: 0.372007 test_rmse: 0.367915
[Epoch Stats] epoch: 2 epoch_time: 2.03108 total_time: 5.70369s perm_time 6.32e-07 train_rmse: 0.356755 test_rmse: 0.352095
[Epoch Stats] epoch: 3 epoch_time: 1.94652 total_time: 8.31091s perm_time 3.66e-07 train_rmse: 0.349975 test_rmse: 0.345432
[Epoch Stats] epoch: 4 epoch_time: 2.06855 total_time: 10.8001s perm_time 4.54e-07 train_rmse: 0.345932 test_rmse: 0.341577
[Epoch Stats] epoch: 5 epoch_time: 2.02467 total_time: 13.3297s perm_time 3.76e-07 train_rmse: 0.343188 test_rmse: 0.33912
[Epoch Stats] epoch: 6 epoch_time: 2.08571 total_time: 15.8757s perm_time 4.98e-07 train_rmse: 0.341191 test_rmse: 0.337584
[Epoch Stats] epoch: 7 epoch_time: 2.18281 total_time: 18.5208s perm_time 8.52e-07 train_rmse: 0.339632 test_rmse: 0.336265
[Epoch Stats] epoch: 8 epoch_time: 2.16016 total_time: 21.3322s perm_time 5.14e-07 train_rmse: 0.338397 test_rmse: 0.335326
[Epoch Stats] epoch: 9 epoch_time: 2.02564 total_time: 23.7958s perm_time 4.87e-07 train_rmse: 0.337401 test_rmse: 0.334637
[Epoch Stats] epoch: 10 epoch_time: 2.07508 total_time: 26.3855s perm_time 5.18e-07 train_rmse: 0.33658 test_rmse: 0.33405
[Epoch Stats] epoch: 11 epoch_time: 2.15303 total_time: 29.0151s perm_time 4.97e-07 train_rmse: 0.335883 test_rmse: 0.333565
[Epoch Stats] epoch: 12 epoch_time: 2.05185 total_time: 31.777s perm_time 4.95e-07 train_rmse: 0.335306 test_rmse: 0.333161
[Epoch Stats] epoch: 13 epoch_time: 2.17076 total_time: 34.3808s perm_time 4.71e-07 train_rmse: 0.334803 test_rmse: 0.332836
[Epoch Stats] epoch: 14 epoch_time: 2.05252 total_time: 36.9211s perm_time 4.81e-07 train_rmse: 0.334375 test_rmse: 0.332559
[Epoch Stats] epoch: 15 epoch_time: 2.06109 total_time: 39.7021s perm_time 4.75e-07 train_rmse: 0.334008 test_rmse: 0.332342
[Epoch Stats] epoch: 16 epoch_time: 2.03748 total_time: 42.224s perm_time 5.91e-07 train_rmse: 0.333681 test_rmse: 0.332152
[Epoch Stats] epoch: 17 epoch_time: 2.07549 total_time: 44.6878s perm_time 4.91e-07 train_rmse: 0.333399 test_rmse: 0.331971
[Epoch Stats] epoch: 18 epoch_time: 2.07976 total_time: 47.1708s perm_time 5.04e-07 train_rmse: 0.333152 test_rmse: 0.331839
[Epoch Stats] epoch: 19 epoch_time: 2.06086 total_time: 49.6365s perm_time 5.05e-07 train_rmse: 0.332937 test_rmse: 0.331716
[Epoch Stats] epoch: 20 epoch_time: 1.92681 total_time: 52.1398s perm_time 5.72e-07 train_rmse: 0.332741 test_rmse: 0.331611
