Starting Training...47236 rows=781265 nExamples=59938577
# [freeforall_generic]  Parameters:
# [freeforall_generic]  nepochs=20 nSplits=6 nShufflers=1
# [freeforall_generic]  initial_stepsize=0.5 step_diminish=0.9
[Epoch Stats] epoch: 1 epoch_time: 3.82511 total_time: 3.97977s perm_time 6.922e-06 train_rmse: 0.330082 test_rmse: 0.338061
[Epoch Stats] epoch: 2 epoch_time: 3.58593 total_time: 7.70421s perm_time 1.1076e-05 train_rmse: 0.322135 test_rmse: 0.339003
[Epoch Stats] epoch: 3 epoch_time: 3.65227 total_time: 11.4971s perm_time 1.0157e-05 train_rmse: 0.317161 test_rmse: 0.337257
[Epoch Stats] epoch: 4 epoch_time: 3.68265 total_time: 15.3345s perm_time 1.0999e-05 train_rmse: 0.314105 test_rmse: 0.337573
[Epoch Stats] epoch: 5 epoch_time: 3.7431 total_time: 19.18s perm_time 1.0982e-05 train_rmse: 0.311485 test_rmse: 0.337522
[Epoch Stats] epoch: 6 epoch_time: 3.6923 total_time: 23.018s perm_time 7.81e-06 train_rmse: 0.309063 test_rmse: 0.335959
[Epoch Stats] epoch: 7 epoch_time: 3.40457 total_time: 26.5484s perm_time 7.804e-06 train_rmse: 0.30717 test_rmse: 0.337185
[Epoch Stats] epoch: 8 epoch_time: 3.36985 total_time: 30.0254s perm_time 9.963e-06 train_rmse: 0.306159 test_rmse: 0.339009
[Epoch Stats] epoch: 9 epoch_time: 3.69653 total_time: 33.8744s perm_time 1.0354e-05 train_rmse: 0.303981 test_rmse: 0.336301
[Epoch Stats] epoch: 10 epoch_time: 3.60465 total_time: 37.6094s perm_time 1.0528e-05 train_rmse: 0.303169 test_rmse: 0.336688
[Epoch Stats] epoch: 11 epoch_time: 3.56584 total_time: 41.2945s perm_time 6.463e-06 train_rmse: 0.302211 test_rmse: 0.337023
[Epoch Stats] epoch: 12 epoch_time: 3.71168 total_time: 45.1503s perm_time 1.0724e-05 train_rmse: 0.300885 test_rmse: 0.338208
[Epoch Stats] epoch: 13 epoch_time: 3.54621 total_time: 48.839s perm_time 1.1108e-05 train_rmse: 0.300422 test_rmse: 0.338333
[Epoch Stats] epoch: 14 epoch_time: 3.55573 total_time: 52.5224s perm_time 1.199e-05 train_rmse: 0.299644 test_rmse: 0.336996
[Epoch Stats] epoch: 15 epoch_time: 3.7329 total_time: 56.418s perm_time 1.1473e-05 train_rmse: 0.29912 test_rmse: 0.338854
[Epoch Stats] epoch: 16 epoch_time: 3.72542 total_time: 60.2922s perm_time 1.2359e-05 train_rmse: 0.298577 test_rmse: 0.33868
[Epoch Stats] epoch: 17 epoch_time: 3.78341 total_time: 64.2333s perm_time 8.51e-06 train_rmse: 0.29803 test_rmse: 0.338028
[Epoch Stats] epoch: 18 epoch_time: 3.58869 total_time: 67.9593s perm_time 1.149e-05 train_rmse: 0.297781 test_rmse: 0.338653
[Epoch Stats] epoch: 19 epoch_time: 3.65319 total_time: 71.7597s perm_time 1.0708e-05 train_rmse: 0.297377 test_rmse: 0.338178
[Epoch Stats] epoch: 20 epoch_time: 3.63772 total_time: 75.543s perm_time 7.279e-06 train_rmse: 0.296908 test_rmse: 0.338624
