Starting Training...47236 rows=781265 nExamples=59938577
# [freeforall_generic]  Parameters:
# [freeforall_generic]  nepochs=20 nSplits=2 nShufflers=1
# [freeforall_generic]  initial_stepsize=0.5 step_diminish=0.9
[Epoch Stats] epoch: 1 epoch_time: 0.964774 total_time: 1.37744s perm_time 2.04e-07 train_rmse: 0.329648 test_rmse: 0.337344
[Epoch Stats] epoch: 2 epoch_time: 0.937082 total_time: 2.81637s perm_time 3.81e-07 train_rmse: 0.325734 test_rmse: 0.339177
[Epoch Stats] epoch: 3 epoch_time: 0.947308 total_time: 4.24434s perm_time 4.38e-07 train_rmse: 0.31717 test_rmse: 0.336771
[Epoch Stats] epoch: 4 epoch_time: 1.21585 total_time: 6.04096s perm_time 5.45e-07 train_rmse: 0.314352 test_rmse: 0.337652
[Epoch Stats] epoch: 5 epoch_time: 1.02579 total_time: 7.68018s perm_time 3.81e-07 train_rmse: 0.311198 test_rmse: 0.336892
[Epoch Stats] epoch: 6 epoch_time: 0.957333 total_time: 9.06969s perm_time 4.74e-07 train_rmse: 0.308849 test_rmse: 0.336234
[Epoch Stats] epoch: 7 epoch_time: 0.966125 total_time: 10.4318s perm_time 4.64e-07 train_rmse: 0.307363 test_rmse: 0.33837
[Epoch Stats] epoch: 8 epoch_time: 0.931747 total_time: 11.9382s perm_time 5.65e-07 train_rmse: 0.305132 test_rmse: 0.336488
[Epoch Stats] epoch: 9 epoch_time: 0.936404 total_time: 13.3013s perm_time 5.17e-07 train_rmse: 0.304014 test_rmse: 0.335786
[Epoch Stats] epoch: 10 epoch_time: 0.95452 total_time: 14.6681s perm_time 4.71e-07 train_rmse: 0.303286 test_rmse: 0.337781
[Epoch Stats] epoch: 11 epoch_time: 0.97206 total_time: 16.1994s perm_time 4.82e-07 train_rmse: 0.301867 test_rmse: 0.33733
[Epoch Stats] epoch: 12 epoch_time: 0.929257 total_time: 17.6812s perm_time 4.98e-07 train_rmse: 0.301112 test_rmse: 0.338394
[Epoch Stats] epoch: 13 epoch_time: 0.943576 total_time: 19.1807s perm_time 4.75e-07 train_rmse: 0.300445 test_rmse: 0.338152
[Epoch Stats] epoch: 14 epoch_time: 0.963768 total_time: 20.6831s perm_time 4.78e-07 train_rmse: 0.299833 test_rmse: 0.338112
[Epoch Stats] epoch: 15 epoch_time: 0.902393 total_time: 22.1421s perm_time 4.71e-07 train_rmse: 0.298766 test_rmse: 0.338277
[Epoch Stats] epoch: 16 epoch_time: 0.912221 total_time: 23.3881s perm_time 3.75e-07 train_rmse: 0.298276 test_rmse: 0.337775
[Epoch Stats] epoch: 17 epoch_time: 0.885721 total_time: 24.9262s perm_time 3.74e-07 train_rmse: 0.297997 test_rmse: 0.338462
[Epoch Stats] epoch: 18 epoch_time: 0.956151 total_time: 26.4315s perm_time 4.64e-07 train_rmse: 0.297638 test_rmse: 0.337791
[Epoch Stats] epoch: 19 epoch_time: 0.952216 total_time: 27.9438s perm_time 5.41e-07 train_rmse: 0.297198 test_rmse: 0.33889
[Epoch Stats] epoch: 20 epoch_time: 0.957638 total_time: 29.4487s perm_time 3.18e-07 train_rmse: 0.297008 test_rmse: 0.338756
