Starting Training...47236 rows=781265 nExamples=59938577
# [freeforall_generic]  Parameters:
# [freeforall_generic]  nepochs=20 nSplits=1 nShufflers=1
# [freeforall_generic]  initial_stepsize=0.01 step_diminish=0.8
[Epoch Stats] epoch: 1 epoch_time: 2.30058 total_time: 2.76208s perm_time 6.15e-07 train_rmse: 0.371715 test_rmse: 0.367726
[Epoch Stats] epoch: 2 epoch_time: 1.64065 total_time: 4.83805s perm_time 6.65e-07 train_rmse: 0.357741 test_rmse: 0.353231
[Epoch Stats] epoch: 3 epoch_time: 1.58088 total_time: 6.79165s perm_time 6.65e-07 train_rmse: 0.351787 test_rmse: 0.347372
[Epoch Stats] epoch: 4 epoch_time: 1.5996 total_time: 8.75093s perm_time 4.06e-07 train_rmse: 0.348416 test_rmse: 0.344023
[Epoch Stats] epoch: 5 epoch_time: 1.39625 total_time: 10.4833s perm_time 6.9e-07 train_rmse: 0.34626 test_rmse: 0.341982
[Epoch Stats] epoch: 6 epoch_time: 1.51964 total_time: 12.3998s perm_time 5.78e-07 train_rmse: 0.344772 test_rmse: 0.340641
[Epoch Stats] epoch: 7 epoch_time: 1.56469 total_time: 14.3781s perm_time 5.39e-07 train_rmse: 0.343699 test_rmse: 0.339683
[Epoch Stats] epoch: 8 epoch_time: 1.85202 total_time: 16.5972s perm_time 3.73e-07 train_rmse: 0.34291 test_rmse: 0.339023
[Epoch Stats] epoch: 9 epoch_time: 1.16601 total_time: 18.0727s perm_time 3.75e-07 train_rmse: 0.342318 test_rmse: 0.338525
[Epoch Stats] epoch: 10 epoch_time: 1.49258 total_time: 20.001s perm_time 8.79e-07 train_rmse: 0.341861 test_rmse: 0.338155
[Epoch Stats] epoch: 11 epoch_time: 1.55113 total_time: 21.9203s perm_time 5.18e-07 train_rmse: 0.341512 test_rmse: 0.337873
[Epoch Stats] epoch: 12 epoch_time: 1.62921 total_time: 23.9134s perm_time 5.12e-07 train_rmse: 0.341242 test_rmse: 0.337656
[Epoch Stats] epoch: 13 epoch_time: 1.62712 total_time: 26.0157s perm_time 5.49e-07 train_rmse: 0.34103 test_rmse: 0.337479
[Epoch Stats] epoch: 14 epoch_time: 2.38882 total_time: 28.8295s perm_time 6.94e-07 train_rmse: 0.340863 test_rmse: 0.337342
[Epoch Stats] epoch: 15 epoch_time: 1.41368 total_time: 30.6428s perm_time 5.19e-07 train_rmse: 0.340731 test_rmse: 0.337233
[Epoch Stats] epoch: 16 epoch_time: 1.38527 total_time: 32.5261s perm_time 5.6e-07 train_rmse: 0.340627 test_rmse: 0.337151
[Epoch Stats] epoch: 17 epoch_time: 1.35791 total_time: 34.3967s perm_time 3.97e-07 train_rmse: 0.340544 test_rmse: 0.337084
[Epoch Stats] epoch: 18 epoch_time: 1.53415 total_time: 36.4858s perm_time 5.84e-07 train_rmse: 0.340478 test_rmse: 0.337032
[Epoch Stats] epoch: 19 epoch_time: 1.41339 total_time: 38.291s perm_time 3.8e-07 train_rmse: 0.340425 test_rmse: 0.33699
[Epoch Stats] epoch: 20 epoch_time: 1.45082 total_time: 40.1457s perm_time 6.34e-07 train_rmse: 0.340383 test_rmse: 0.336957
