Starting Training...47236 rows=781265 nExamples=59938577
# [freeforall_generic]  Parameters:
# [freeforall_generic]  nepochs=20 nSplits=3 nShufflers=1
# [freeforall_generic]  initial_stepsize=0.1 step_diminish=0.9
[Epoch Stats] epoch: 1 epoch_time: 3.08416 total_time: 3.40878s perm_time 4.9e-07 train_rmse: 0.332996 test_rmse: 0.331443
[Epoch Stats] epoch: 2 epoch_time: 2.53516 total_time: 6.14128s perm_time 4.81e-07 train_rmse: 0.325516 test_rmse: 0.32876
[Epoch Stats] epoch: 3 epoch_time: 2.72573 total_time: 9.16s perm_time 6.34e-07 train_rmse: 0.321386 test_rmse: 0.328083
[Epoch Stats] epoch: 4 epoch_time: 2.72159 total_time: 12.0906s perm_time 5.18e-07 train_rmse: 0.318708 test_rmse: 0.327473
[Epoch Stats] epoch: 5 epoch_time: 2.73801 total_time: 15.0718s perm_time 5.21e-07 train_rmse: 0.316742 test_rmse: 0.326755
[Epoch Stats] epoch: 6 epoch_time: 2.53892 total_time: 17.8636s perm_time 5.25e-07 train_rmse: 0.315301 test_rmse: 0.326003
[Epoch Stats] epoch: 7 epoch_time: 2.58999 total_time: 20.8033s perm_time 5.18e-07 train_rmse: 0.31416 test_rmse: 0.326932
[Epoch Stats] epoch: 8 epoch_time: 2.62375 total_time: 23.7352s perm_time 5.18e-07 train_rmse: 0.313381 test_rmse: 0.326732
[Epoch Stats] epoch: 9 epoch_time: 2.62443 total_time: 26.6965s perm_time 3.83e-07 train_rmse: 0.312501 test_rmse: 0.326452
[Epoch Stats] epoch: 10 epoch_time: 2.63165 total_time: 29.6655s perm_time 4.73e-07 train_rmse: 0.311891 test_rmse: 0.327264
[Epoch Stats] epoch: 11 epoch_time: 2.56033 total_time: 32.6008s perm_time 5.14e-07 train_rmse: 0.311235 test_rmse: 0.326934
[Epoch Stats] epoch: 12 epoch_time: 2.67361 total_time: 35.6274s perm_time 5.28e-07 train_rmse: 0.310799 test_rmse: 0.327199
[Epoch Stats] epoch: 13 epoch_time: 2.50857 total_time: 38.381s perm_time 5.15e-07 train_rmse: 0.310412 test_rmse: 0.327018
[Epoch Stats] epoch: 14 epoch_time: 2.60595 total_time: 41.2986s perm_time 3.75e-07 train_rmse: 0.310019 test_rmse: 0.327453
[Epoch Stats] epoch: 15 epoch_time: 2.6231 total_time: 44.2988s perm_time 4.78e-07 train_rmse: 0.309726 test_rmse: 0.32749
[Epoch Stats] epoch: 16 epoch_time: 2.58556 total_time: 47.143s perm_time 5.31e-07 train_rmse: 0.309458 test_rmse: 0.327477
[Epoch Stats] epoch: 17 epoch_time: 2.56855 total_time: 50.0388s perm_time 5.24e-07 train_rmse: 0.309245 test_rmse: 0.327501
[Epoch Stats] epoch: 18 epoch_time: 2.59852 total_time: 52.9431s perm_time 3.21e-07 train_rmse: 0.309031 test_rmse: 0.327587
[Epoch Stats] epoch: 19 epoch_time: 2.70008 total_time: 55.9738s perm_time 4.18e-07 train_rmse: 0.308836 test_rmse: 0.327547
[Epoch Stats] epoch: 20 epoch_time: 2.64024 total_time: 58.9145s perm_time 4.95e-07 train_rmse: 0.308656 test_rmse: 0.327662
