Starting Training...47236 rows=781265 nExamples=59938577
# [freeforall_generic]  Parameters:
# [freeforall_generic]  nepochs=20 nSplits=10 nShufflers=1
# [freeforall_generic]  initial_stepsize=0.1 step_diminish=0.9
[Epoch Stats] epoch: 1 epoch_time: 0.352444 total_time: 0.440586s perm_time 1.1152e-05 train_rmse: 0.332801 test_rmse: 0.330654
[Epoch Stats] epoch: 2 epoch_time: 0.343947 total_time: 0.849099s perm_time 9.138e-06 train_rmse: 0.325466 test_rmse: 0.327855
[Epoch Stats] epoch: 3 epoch_time: 0.35107 total_time: 1.28355s perm_time 9.432e-06 train_rmse: 0.321436 test_rmse: 0.326963
[Epoch Stats] epoch: 4 epoch_time: 0.35033 total_time: 1.71605s perm_time 9.602e-06 train_rmse: 0.318738 test_rmse: 0.327147
[Epoch Stats] epoch: 5 epoch_time: 0.334598 total_time: 2.12501s perm_time 1.17e-05 train_rmse: 0.317222 test_rmse: 0.327343
[Epoch Stats] epoch: 6 epoch_time: 0.345525 total_time: 2.55056s perm_time 2.6524e-05 train_rmse: 0.31535 test_rmse: 0.326423
[Epoch Stats] epoch: 7 epoch_time: 0.341414 total_time: 2.95392s perm_time 1.0742e-05 train_rmse: 0.314151 test_rmse: 0.326512
[Epoch Stats] epoch: 8 epoch_time: 0.331988 total_time: 3.36563s perm_time 1.009e-05 train_rmse: 0.313287 test_rmse: 0.326778
[Epoch Stats] epoch: 9 epoch_time: 0.33524 total_time: 3.76313s perm_time 1.0053e-05 train_rmse: 0.312607 test_rmse: 0.327174
[Epoch Stats] epoch: 10 epoch_time: 0.341493 total_time: 4.16686s perm_time 9.762e-06 train_rmse: 0.311865 test_rmse: 0.326925
[Epoch Stats] epoch: 11 epoch_time: 0.339084 total_time: 4.56801s perm_time 1.0542e-05 train_rmse: 0.311331 test_rmse: 0.326973
[Epoch Stats] epoch: 12 epoch_time: 0.338124 total_time: 4.98537s perm_time 9.505e-06 train_rmse: 0.310782 test_rmse: 0.327066
[Epoch Stats] epoch: 13 epoch_time: 0.330708 total_time: 5.39675s perm_time 1.0811e-05 train_rmse: 0.310401 test_rmse: 0.327316
[Epoch Stats] epoch: 14 epoch_time: 0.337447 total_time: 5.7966s perm_time 9.385e-06 train_rmse: 0.310081 test_rmse: 0.327538
[Epoch Stats] epoch: 15 epoch_time: 0.340117 total_time: 6.19837s perm_time 1.0662e-05 train_rmse: 0.309744 test_rmse: 0.327229
[Epoch Stats] epoch: 16 epoch_time: 0.332654 total_time: 6.59086s perm_time 7.267e-06 train_rmse: 0.30946 test_rmse: 0.327535
[Epoch Stats] epoch: 17 epoch_time: 0.331978 total_time: 7.00605s perm_time 8.217e-06 train_rmse: 0.309203 test_rmse: 0.327485
[Epoch Stats] epoch: 18 epoch_time: 0.345236 total_time: 7.4131s perm_time 7.162e-06 train_rmse: 0.309143 test_rmse: 0.327743
[Epoch Stats] epoch: 19 epoch_time: 0.336799 total_time: 7.82929s perm_time 7.78e-06 train_rmse: 0.308844 test_rmse: 0.327688
[Epoch Stats] epoch: 20 epoch_time: 0.347397 total_time: 8.25073s perm_time 8.838e-06 train_rmse: 0.308673 test_rmse: 0.327692
