Starting Training...47236 rows=781265 nExamples=59938577
# [freeforall_generic]  Parameters:
# [freeforall_generic]  nepochs=20 nSplits=4 nShufflers=1
# [freeforall_generic]  initial_stepsize=0.01 step_diminish=1
[Epoch Stats] epoch: 1 epoch_time: 3.32997 total_time: 3.49922s perm_time 2.8903e-05 train_rmse: 0.372771 test_rmse: 0.368922
[Epoch Stats] epoch: 2 epoch_time: 3.08356 total_time: 6.80522s perm_time 2.7096e-05 train_rmse: 0.356034 test_rmse: 0.351635
[Epoch Stats] epoch: 3 epoch_time: 3.01476 total_time: 9.99005s perm_time 2.5859e-05 train_rmse: 0.348338 test_rmse: 0.343869
[Epoch Stats] epoch: 4 epoch_time: 3.15551 total_time: 13.383s perm_time 2.5806e-05 train_rmse: 0.343635 test_rmse: 0.339743
[Epoch Stats] epoch: 5 epoch_time: 3.1496 total_time: 16.7746s perm_time 2.9893e-05 train_rmse: 0.340365 test_rmse: 0.336948
[Epoch Stats] epoch: 6 epoch_time: 2.95631 total_time: 19.9439s perm_time 2.8386e-05 train_rmse: 0.337731 test_rmse: 0.33473
[Epoch Stats] epoch: 7 epoch_time: 3.02205 total_time: 23.2132s perm_time 2.7543e-05 train_rmse: 0.335677 test_rmse: 0.333311
[Epoch Stats] epoch: 8 epoch_time: 3.04244 total_time: 26.4368s perm_time 1.5788e-05 train_rmse: 0.33399 test_rmse: 0.332241
[Epoch Stats] epoch: 9 epoch_time: 3.14499 total_time: 29.7418s perm_time 4.3778e-05 train_rmse: 0.332503 test_rmse: 0.331376
[Epoch Stats] epoch: 10 epoch_time: 3.0782 total_time: 32.9903s perm_time 1.5538e-05 train_rmse: 0.331191 test_rmse: 0.330842
[Epoch Stats] epoch: 11 epoch_time: 2.88053 total_time: 36.0854s perm_time 1.7676e-05 train_rmse: 0.330057 test_rmse: 0.330164
[Epoch Stats] epoch: 12 epoch_time: 2.89459 total_time: 39.1899s perm_time 2.0957e-05 train_rmse: 0.329047 test_rmse: 0.329631
[Epoch Stats] epoch: 13 epoch_time: 2.96835 total_time: 42.3807s perm_time 3.0676e-05 train_rmse: 0.32809 test_rmse: 0.329204
[Epoch Stats] epoch: 14 epoch_time: 3.04088 total_time: 45.6814s perm_time 5.3938e-05 train_rmse: 0.327242 test_rmse: 0.328859
[Epoch Stats] epoch: 15 epoch_time: 2.8578 total_time: 48.6908s perm_time 3.5319e-05 train_rmse: 0.326445 test_rmse: 0.32852
[Epoch Stats] epoch: 16 epoch_time: 3.04835 total_time: 51.9095s perm_time 3.3223e-05 train_rmse: 0.32572 test_rmse: 0.328291
[Epoch Stats] epoch: 17 epoch_time: 3.05245 total_time: 55.1666s perm_time 3.2582e-05 train_rmse: 0.325054 test_rmse: 0.328073
[Epoch Stats] epoch: 18 epoch_time: 3.06956 total_time: 58.4342s perm_time 3.2421e-05 train_rmse: 0.324425 test_rmse: 0.32796
[Epoch Stats] epoch: 19 epoch_time: 3.06935 total_time: 61.7319s perm_time 3.2666e-05 train_rmse: 0.323833 test_rmse: 0.327769
[Epoch Stats] epoch: 20 epoch_time: 2.91818 total_time: 64.8549s perm_time 3.0437e-05 train_rmse: 0.323285 test_rmse: 0.32741
