Starting Training...47236 rows=781265 nExamples=59938577
# [freeforall_generic]  Parameters:
# [freeforall_generic]  nepochs=20 nSplits=3 nShufflers=1
# [freeforall_generic]  initial_stepsize=0.5 step_diminish=1
[Epoch Stats] epoch: 1 epoch_time: 3.13638 total_time: 3.49494s perm_time 3.62e-07 train_rmse: 0.33021 test_rmse: 0.337584
[Epoch Stats] epoch: 2 epoch_time: 2.43246 total_time: 6.21575s perm_time 6.22e-07 train_rmse: 0.323292 test_rmse: 0.339079
[Epoch Stats] epoch: 3 epoch_time: 2.56372 total_time: 9.06955s perm_time 4.08e-07 train_rmse: 0.320404 test_rmse: 0.339356
[Epoch Stats] epoch: 4 epoch_time: 2.61866 total_time: 11.9332s perm_time 4.85e-07 train_rmse: 0.31826 test_rmse: 0.343266
[Epoch Stats] epoch: 5 epoch_time: 2.64813 total_time: 14.93s perm_time 4.77e-07 train_rmse: 0.317115 test_rmse: 0.34451
[Epoch Stats] epoch: 6 epoch_time: 2.61704 total_time: 17.7939s perm_time 5.42e-07 train_rmse: 0.31438 test_rmse: 0.343337
[Epoch Stats] epoch: 7 epoch_time: 2.5468 total_time: 20.6527s perm_time 4.75e-07 train_rmse: 0.313101 test_rmse: 0.348308
[Epoch Stats] epoch: 8 epoch_time: 2.53728 total_time: 23.5238s perm_time 4.68e-07 train_rmse: 0.313741 test_rmse: 0.349276
[Epoch Stats] epoch: 9 epoch_time: 2.63659 total_time: 26.3954s perm_time 6.18e-07 train_rmse: 0.311988 test_rmse: 0.346623
[Epoch Stats] epoch: 10 epoch_time: 2.57573 total_time: 29.2253s perm_time 4.77e-07 train_rmse: 0.311347 test_rmse: 0.348209
[Epoch Stats] epoch: 11 epoch_time: 2.48927 total_time: 31.9975s perm_time 4.77e-07 train_rmse: 0.310383 test_rmse: 0.348177
[Epoch Stats] epoch: 12 epoch_time: 2.63042 total_time: 34.8894s perm_time 5.15e-07 train_rmse: 0.309904 test_rmse: 0.351715
[Epoch Stats] epoch: 13 epoch_time: 2.51717 total_time: 37.6265s perm_time 5.28e-07 train_rmse: 0.30949 test_rmse: 0.351043
[Epoch Stats] epoch: 14 epoch_time: 2.58619 total_time: 40.4829s perm_time 5.18e-07 train_rmse: 0.310023 test_rmse: 0.353829
[Epoch Stats] epoch: 15 epoch_time: 2.45521 total_time: 43.1449s perm_time 5.01e-07 train_rmse: 0.308555 test_rmse: 0.351751
[Epoch Stats] epoch: 16 epoch_time: 2.56753 total_time: 45.9706s perm_time 5.14e-07 train_rmse: 0.308747 test_rmse: 0.356091
[Epoch Stats] epoch: 17 epoch_time: 2.53478 total_time: 48.8565s perm_time 4.77e-07 train_rmse: 0.307575 test_rmse: 0.353527
[Epoch Stats] epoch: 18 epoch_time: 2.62146 total_time: 51.6822s perm_time 5.14e-07 train_rmse: 0.306262 test_rmse: 0.35691
[Epoch Stats] epoch: 19 epoch_time: 2.6238 total_time: 54.5947s perm_time 5.18e-07 train_rmse: 0.306901 test_rmse: 0.360519
[Epoch Stats] epoch: 20 epoch_time: 2.64252 total_time: 57.4515s perm_time 4.64e-07 train_rmse: 0.305919 test_rmse: 0.358602
