Starting Training...47236 rows=781265 nExamples=59938577
# [freeforall_generic]  Parameters:
# [freeforall_generic]  nepochs=20 nSplits=5 nShufflers=1
# [freeforall_generic]  initial_stepsize=0.01 step_diminish=1
[Epoch Stats] epoch: 1 epoch_time: 3.47365 total_time: 3.60985s perm_time 6.097e-06 train_rmse: 0.373185 test_rmse: 0.369491
[Epoch Stats] epoch: 2 epoch_time: 3.40654 total_time: 7.17583s perm_time 9.05e-06 train_rmse: 0.356257 test_rmse: 0.351856
[Epoch Stats] epoch: 3 epoch_time: 3.45048 total_time: 10.7897s perm_time 9.566e-06 train_rmse: 0.348512 test_rmse: 0.344348
[Epoch Stats] epoch: 4 epoch_time: 3.40486 total_time: 14.353s perm_time 9.384e-06 train_rmse: 0.343741 test_rmse: 0.339869
[Epoch Stats] epoch: 5 epoch_time: 3.35082 total_time: 17.8815s perm_time 5.911e-06 train_rmse: 0.340353 test_rmse: 0.336979
[Epoch Stats] epoch: 6 epoch_time: 3.33097 total_time: 21.3992s perm_time 2.1247e-05 train_rmse: 0.337773 test_rmse: 0.334995
[Epoch Stats] epoch: 7 epoch_time: 3.2291 total_time: 24.777s perm_time 1.294e-05 train_rmse: 0.335698 test_rmse: 0.333608
[Epoch Stats] epoch: 8 epoch_time: 3.4019 total_time: 28.361s perm_time 1.0638e-05 train_rmse: 0.333971 test_rmse: 0.332417
[Epoch Stats] epoch: 9 epoch_time: 3.35156 total_time: 31.8868s perm_time 1.2429e-05 train_rmse: 0.33251 test_rmse: 0.331687
[Epoch Stats] epoch: 10 epoch_time: 3.41014 total_time: 35.4684s perm_time 1.0481e-05 train_rmse: 0.331204 test_rmse: 0.330757
[Epoch Stats] epoch: 11 epoch_time: 3.38938 total_time: 39.0338s perm_time 1.0894e-05 train_rmse: 0.330062 test_rmse: 0.330216
[Epoch Stats] epoch: 12 epoch_time: 3.39534 total_time: 42.5982s perm_time 1.0632e-05 train_rmse: 0.329049 test_rmse: 0.32986
[Epoch Stats] epoch: 13 epoch_time: 3.52336 total_time: 46.2774s perm_time 1.9512e-05 train_rmse: 0.328087 test_rmse: 0.329361
[Epoch Stats] epoch: 14 epoch_time: 3.34697 total_time: 49.7969s perm_time 1.0795e-05 train_rmse: 0.327255 test_rmse: 0.328981
[Epoch Stats] epoch: 15 epoch_time: 3.33625 total_time: 53.2903s perm_time 1.2078e-05 train_rmse: 0.326464 test_rmse: 0.328679
[Epoch Stats] epoch: 16 epoch_time: 3.30432 total_time: 56.7894s perm_time 6.489e-06 train_rmse: 0.325741 test_rmse: 0.328316
[Epoch Stats] epoch: 17 epoch_time: 3.41967 total_time: 60.3803s perm_time 8.951e-06 train_rmse: 0.325062 test_rmse: 0.327946
[Epoch Stats] epoch: 18 epoch_time: 3.40257 total_time: 63.942s perm_time 6.753e-06 train_rmse: 0.324411 test_rmse: 0.327827
[Epoch Stats] epoch: 19 epoch_time: 3.38889 total_time: 67.483s perm_time 1.0464e-05 train_rmse: 0.323857 test_rmse: 0.327703
[Epoch Stats] epoch: 20 epoch_time: 3.36726 total_time: 70.9794s perm_time 1.2128e-05 train_rmse: 0.323279 test_rmse: 0.327487
