Starting Training...47236 rows=781265 nExamples=59938577
# [freeforall_generic]  Parameters:
# [freeforall_generic]  nepochs=20 nSplits=9 nShufflers=1
# [freeforall_generic]  initial_stepsize=0.1 step_diminish=0.8
[Epoch Stats] epoch: 1 epoch_time: 0.395442 total_time: 0.490525s perm_time 6.188e-06 train_rmse: 0.333155 test_rmse: 0.332009
[Epoch Stats] epoch: 2 epoch_time: 0.37951 total_time: 0.960619s perm_time 8.847e-06 train_rmse: 0.325958 test_rmse: 0.328841
[Epoch Stats] epoch: 3 epoch_time: 0.361331 total_time: 1.41132s perm_time 1.1499e-05 train_rmse: 0.322167 test_rmse: 0.327149
[Epoch Stats] epoch: 4 epoch_time: 0.363674 total_time: 1.85865s perm_time 7.964e-06 train_rmse: 0.319839 test_rmse: 0.327103
[Epoch Stats] epoch: 5 epoch_time: 0.372659 total_time: 2.30332s perm_time 9.228e-06 train_rmse: 0.318312 test_rmse: 0.326497
[Epoch Stats] epoch: 6 epoch_time: 0.369555 total_time: 2.76368s perm_time 9.021e-06 train_rmse: 0.31725 test_rmse: 0.32649
[Epoch Stats] epoch: 7 epoch_time: 0.369822 total_time: 3.21633s perm_time 1.0952e-05 train_rmse: 0.316446 test_rmse: 0.326246
[Epoch Stats] epoch: 8 epoch_time: 0.359548 total_time: 3.66128s perm_time 9.167e-06 train_rmse: 0.315813 test_rmse: 0.326126
[Epoch Stats] epoch: 9 epoch_time: 0.374597 total_time: 4.12458s perm_time 9.943e-06 train_rmse: 0.315389 test_rmse: 0.326441
[Epoch Stats] epoch: 10 epoch_time: 0.374502 total_time: 4.57877s perm_time 9.455e-06 train_rmse: 0.315036 test_rmse: 0.326308
[Epoch Stats] epoch: 11 epoch_time: 0.37826 total_time: 5.0247s perm_time 9.221e-06 train_rmse: 0.314786 test_rmse: 0.326517
[Epoch Stats] epoch: 12 epoch_time: 0.374265 total_time: 5.48246s perm_time 9.354e-06 train_rmse: 0.314584 test_rmse: 0.326353
[Epoch Stats] epoch: 13 epoch_time: 0.348656 total_time: 5.91617s perm_time 9.201e-06 train_rmse: 0.314421 test_rmse: 0.326446
[Epoch Stats] epoch: 14 epoch_time: 0.367396 total_time: 6.35163s perm_time 8.63e-06 train_rmse: 0.314312 test_rmse: 0.326399
[Epoch Stats] epoch: 15 epoch_time: 0.364618 total_time: 6.7848s perm_time 1.0384e-05 train_rmse: 0.314203 test_rmse: 0.326425
[Epoch Stats] epoch: 16 epoch_time: 0.371073 total_time: 7.21569s perm_time 8.553e-06 train_rmse: 0.314129 test_rmse: 0.326478
[Epoch Stats] epoch: 17 epoch_time: 0.368146 total_time: 7.65068s perm_time 9.642e-06 train_rmse: 0.314063 test_rmse: 0.326482
[Epoch Stats] epoch: 18 epoch_time: 0.356825 total_time: 8.09966s perm_time 8.717e-06 train_rmse: 0.314015 test_rmse: 0.326466
[Epoch Stats] epoch: 19 epoch_time: 0.358401 total_time: 8.54312s perm_time 1.0033e-05 train_rmse: 0.313977 test_rmse: 0.326517
[Epoch Stats] epoch: 20 epoch_time: 0.361171 total_time: 8.97547s perm_time 1.0006e-05 train_rmse: 0.313946 test_rmse: 0.326505
