Starting Training...47236 rows=781265 nExamples=59938577
# [freeforall_generic]  Parameters:
# [freeforall_generic]  nepochs=20 nSplits=7 nShufflers=1
# [freeforall_generic]  initial_stepsize=0.1 step_diminish=0.8
[Epoch Stats] epoch: 1 epoch_time: 3.8437 total_time: 3.9673s perm_time 4.008e-06 train_rmse: 0.332838 test_rmse: 0.331061
[Epoch Stats] epoch: 2 epoch_time: 3.63505 total_time: 7.7229s perm_time 8.451e-06 train_rmse: 0.325781 test_rmse: 0.328692
[Epoch Stats] epoch: 3 epoch_time: 3.8335 total_time: 11.6738s perm_time 1.011e-05 train_rmse: 0.322227 test_rmse: 0.327429
[Epoch Stats] epoch: 4 epoch_time: 3.69081 total_time: 15.4885s perm_time 1.0116e-05 train_rmse: 0.319839 test_rmse: 0.327199
[Epoch Stats] epoch: 5 epoch_time: 3.85076 total_time: 19.4758s perm_time 9.613e-06 train_rmse: 0.318304 test_rmse: 0.326223
[Epoch Stats] epoch: 6 epoch_time: 3.78016 total_time: 23.3577s perm_time 9.141e-06 train_rmse: 0.317288 test_rmse: 0.326002
[Epoch Stats] epoch: 7 epoch_time: 3.87755 total_time: 27.3302s perm_time 1.161e-05 train_rmse: 0.316552 test_rmse: 0.326218
[Epoch Stats] epoch: 8 epoch_time: 3.71084 total_time: 31.1494s perm_time 9.489e-06 train_rmse: 0.315836 test_rmse: 0.326355
[Epoch Stats] epoch: 9 epoch_time: 3.80726 total_time: 35.085s perm_time 1.0344e-05 train_rmse: 0.315372 test_rmse: 0.32648
[Epoch Stats] epoch: 10 epoch_time: 3.78568 total_time: 38.9665s perm_time 9.144e-06 train_rmse: 0.315106 test_rmse: 0.326498
[Epoch Stats] epoch: 11 epoch_time: 3.6505 total_time: 42.7311s perm_time 9.83e-06 train_rmse: 0.314795 test_rmse: 0.326381
[Epoch Stats] epoch: 12 epoch_time: 3.79662 total_time: 46.6493s perm_time 4.838e-06 train_rmse: 0.314572 test_rmse: 0.326448
[Epoch Stats] epoch: 13 epoch_time: 3.80595 total_time: 50.5518s perm_time 9.92e-06 train_rmse: 0.314422 test_rmse: 0.326473
[Epoch Stats] epoch: 14 epoch_time: 3.77406 total_time: 54.4351s perm_time 8.989e-06 train_rmse: 0.314299 test_rmse: 0.326475
[Epoch Stats] epoch: 15 epoch_time: 3.83501 total_time: 58.3737s perm_time 9.906e-06 train_rmse: 0.314196 test_rmse: 0.326473
[Epoch Stats] epoch: 16 epoch_time: 3.87709 total_time: 62.3716s perm_time 9.188e-06 train_rmse: 0.314123 test_rmse: 0.326503
[Epoch Stats] epoch: 17 epoch_time: 3.72276 total_time: 66.2009s perm_time 4.625e-06 train_rmse: 0.314059 test_rmse: 0.326482
[Epoch Stats] epoch: 18 epoch_time: 3.62238 total_time: 69.9163s perm_time 5.681e-06 train_rmse: 0.31401 test_rmse: 0.326509
[Epoch Stats] epoch: 19 epoch_time: 3.79033 total_time: 73.8445s perm_time 1.137e-05 train_rmse: 0.313971 test_rmse: 0.326527
[Epoch Stats] epoch: 20 epoch_time: 3.77312 total_time: 77.7111s perm_time 9.091e-06 train_rmse: 0.31394 test_rmse: 0.326532
