Starting Training...47236 rows=781265 nExamples=59938577
# [freeforall_generic]  Parameters:
# [freeforall_generic]  nepochs=20 nSplits=1 nShufflers=1
# [freeforall_generic]  initial_stepsize=0.1 step_diminish=0.9
[Epoch Stats] epoch: 1 epoch_time: 2.12388 total_time: 2.84697s perm_time 1.41e-07 train_rmse: 0.333168 test_rmse: 0.33242
[Epoch Stats] epoch: 2 epoch_time: 1.43145 total_time: 5.00891s perm_time 5.38e-07 train_rmse: 0.325267 test_rmse: 0.327708
[Epoch Stats] epoch: 3 epoch_time: 1.30848 total_time: 6.89854s perm_time 4.03e-07 train_rmse: 0.321427 test_rmse: 0.327093
[Epoch Stats] epoch: 4 epoch_time: 1.75508 total_time: 9.42877s perm_time 2.96e-07 train_rmse: 0.319112 test_rmse: 0.326858
[Epoch Stats] epoch: 5 epoch_time: 1.98078 total_time: 11.8421s perm_time 6.29e-07 train_rmse: 0.316702 test_rmse: 0.326344
[Epoch Stats] epoch: 6 epoch_time: 1.50528 total_time: 13.8328s perm_time 7.52e-07 train_rmse: 0.315381 test_rmse: 0.326535
[Epoch Stats] epoch: 7 epoch_time: 1.46658 total_time: 15.71s perm_time 6.28e-07 train_rmse: 0.314305 test_rmse: 0.326371
[Epoch Stats] epoch: 8 epoch_time: 1.59402 total_time: 17.7379s perm_time 4.41e-07 train_rmse: 0.313225 test_rmse: 0.327111
[Epoch Stats] epoch: 9 epoch_time: 1.66366 total_time: 19.8558s perm_time 5.65e-07 train_rmse: 0.312607 test_rmse: 0.326757
[Epoch Stats] epoch: 10 epoch_time: 1.62028 total_time: 21.8329s perm_time 5.61e-07 train_rmse: 0.311801 test_rmse: 0.326497
[Epoch Stats] epoch: 11 epoch_time: 1.67051 total_time: 23.9358s perm_time 5.44e-07 train_rmse: 0.311243 test_rmse: 0.326827
[Epoch Stats] epoch: 12 epoch_time: 1.85335 total_time: 26.3735s perm_time 5.58e-07 train_rmse: 0.310798 test_rmse: 0.327146
[Epoch Stats] epoch: 13 epoch_time: 1.76466 total_time: 28.6316s perm_time 5.92e-07 train_rmse: 0.310393 test_rmse: 0.327399
[Epoch Stats] epoch: 14 epoch_time: 1.88174 total_time: 30.9295s perm_time 5.35e-07 train_rmse: 0.31001 test_rmse: 0.327168
[Epoch Stats] epoch: 15 epoch_time: 1.83121 total_time: 33.1143s perm_time 4.96e-07 train_rmse: 0.309716 test_rmse: 0.327444
[Epoch Stats] epoch: 16 epoch_time: 1.84646 total_time: 35.3651s perm_time 5.42e-07 train_rmse: 0.309442 test_rmse: 0.327214
[Epoch Stats] epoch: 17 epoch_time: 1.48814 total_time: 37.1974s perm_time 5.71e-07 train_rmse: 0.309212 test_rmse: 0.327549
[Epoch Stats] epoch: 18 epoch_time: 2.20333 total_time: 39.7886s perm_time 5.71e-07 train_rmse: 0.309036 test_rmse: 0.327637
[Epoch Stats] epoch: 19 epoch_time: 1.47037 total_time: 41.655s perm_time 5.54e-07 train_rmse: 0.308825 test_rmse: 0.327576
[Epoch Stats] epoch: 20 epoch_time: 1.84354 total_time: 44.0425s perm_time 8.22e-07 train_rmse: 0.30868 test_rmse: 0.327757
