Starting Training...47236 rows=781265 nExamples=59938577
# [freeforall_generic]  Parameters:
# [freeforall_generic]  nepochs=20 nSplits=4 nShufflers=1
# [freeforall_generic]  initial_stepsize=0.5 step_diminish=1
[Epoch Stats] epoch: 1 epoch_time: 3.34179 total_time: 3.59817s perm_time 2.0812e-05 train_rmse: 0.329831 test_rmse: 0.337516
[Epoch Stats] epoch: 2 epoch_time: 3.19639 total_time: 6.96093s perm_time 2.5747e-05 train_rmse: 0.323412 test_rmse: 0.338496
[Epoch Stats] epoch: 3 epoch_time: 2.95705 total_time: 10.1451s perm_time 2.8075e-05 train_rmse: 0.319833 test_rmse: 0.341259
[Epoch Stats] epoch: 4 epoch_time: 2.97075 total_time: 13.3207s perm_time 2.4347e-05 train_rmse: 0.320099 test_rmse: 0.342318
[Epoch Stats] epoch: 5 epoch_time: 3.13671 total_time: 16.6357s perm_time 2.182e-05 train_rmse: 0.31634 test_rmse: 0.343658
[Epoch Stats] epoch: 6 epoch_time: 3.05462 total_time: 19.925s perm_time 4.2401e-05 train_rmse: 0.316079 test_rmse: 0.34796
[Epoch Stats] epoch: 7 epoch_time: 3.02771 total_time: 23.12s perm_time 2.8663e-05 train_rmse: 0.31516 test_rmse: 0.348123
[Epoch Stats] epoch: 8 epoch_time: 3.14225 total_time: 26.4869s perm_time 3.1042e-05 train_rmse: 0.312466 test_rmse: 0.344036
[Epoch Stats] epoch: 9 epoch_time: 3.15684 total_time: 29.8662s perm_time 2.9455e-05 train_rmse: 0.311813 test_rmse: 0.348464
[Epoch Stats] epoch: 10 epoch_time: 3.19266 total_time: 33.2589s perm_time 2.9474e-05 train_rmse: 0.310862 test_rmse: 0.350647
[Epoch Stats] epoch: 11 epoch_time: 2.99954 total_time: 36.4683s perm_time 2.602e-05 train_rmse: 0.310043 test_rmse: 0.349163
[Epoch Stats] epoch: 12 epoch_time: 3.06015 total_time: 39.7432s perm_time 3.1964e-05 train_rmse: 0.309541 test_rmse: 0.351256
[Epoch Stats] epoch: 13 epoch_time: 3.20029 total_time: 43.1919s perm_time 3.4289e-05 train_rmse: 0.308851 test_rmse: 0.34964
[Epoch Stats] epoch: 14 epoch_time: 2.96259 total_time: 46.3729s perm_time 3.0152e-05 train_rmse: 0.308978 test_rmse: 0.352209
[Epoch Stats] epoch: 15 epoch_time: 2.95806 total_time: 49.5422s perm_time 3.3196e-05 train_rmse: 0.307797 test_rmse: 0.352125
[Epoch Stats] epoch: 16 epoch_time: 3.17266 total_time: 52.8574s perm_time 3.4106e-05 train_rmse: 0.307741 test_rmse: 0.355114
[Epoch Stats] epoch: 17 epoch_time: 3.05772 total_time: 56.103s perm_time 3.2662e-05 train_rmse: 0.306941 test_rmse: 0.355804
[Epoch Stats] epoch: 18 epoch_time: 2.96207 total_time: 59.2975s perm_time 3.0668e-05 train_rmse: 0.30731 test_rmse: 0.356983
[Epoch Stats] epoch: 19 epoch_time: 3.06903 total_time: 62.5281s perm_time 2.4729e-05 train_rmse: 0.308042 test_rmse: 0.358561
[Epoch Stats] epoch: 20 epoch_time: 2.9743 total_time: 65.6935s perm_time 2.7374e-05 train_rmse: 0.306152 test_rmse: 0.358038
