Starting Training...47236 rows=781265 nExamples=59938577
# [freeforall_generic]  Parameters:
# [freeforall_generic]  nepochs=20 nSplits=5 nShufflers=1
# [freeforall_generic]  initial_stepsize=0.1 step_diminish=1
[Epoch Stats] epoch: 1 epoch_time: 3.50448 total_time: 3.70039s perm_time 1.169e-05 train_rmse: 0.332973 test_rmse: 0.33275
[Epoch Stats] epoch: 2 epoch_time: 3.45513 total_time: 7.3407s perm_time 9.382e-06 train_rmse: 0.324897 test_rmse: 0.328692
[Epoch Stats] epoch: 3 epoch_time: 3.36382 total_time: 10.853s perm_time 9.452e-06 train_rmse: 0.320865 test_rmse: 0.327439
[Epoch Stats] epoch: 4 epoch_time: 3.34701 total_time: 14.3798s perm_time 1.0247e-05 train_rmse: 0.318296 test_rmse: 0.327401
[Epoch Stats] epoch: 5 epoch_time: 3.35576 total_time: 17.8509s perm_time 9.852e-06 train_rmse: 0.315688 test_rmse: 0.32747
[Epoch Stats] epoch: 6 epoch_time: 3.32178 total_time: 21.367s perm_time 1.01e-05 train_rmse: 0.314036 test_rmse: 0.327637
[Epoch Stats] epoch: 7 epoch_time: 3.40861 total_time: 24.9295s perm_time 9.232e-06 train_rmse: 0.312783 test_rmse: 0.326752
[Epoch Stats] epoch: 8 epoch_time: 3.33845 total_time: 28.4268s perm_time 9.717e-06 train_rmse: 0.311432 test_rmse: 0.328756
[Epoch Stats] epoch: 9 epoch_time: 3.32659 total_time: 31.9015s perm_time 9.703e-06 train_rmse: 0.310313 test_rmse: 0.328636
[Epoch Stats] epoch: 10 epoch_time: 3.32641 total_time: 35.3838s perm_time 9.399e-06 train_rmse: 0.309643 test_rmse: 0.329043
[Epoch Stats] epoch: 11 epoch_time: 3.33992 total_time: 38.8861s perm_time 9.208e-06 train_rmse: 0.308638 test_rmse: 0.329521
[Epoch Stats] epoch: 12 epoch_time: 3.20305 total_time: 42.2661s perm_time 9.726e-06 train_rmse: 0.308007 test_rmse: 0.329761
[Epoch Stats] epoch: 13 epoch_time: 3.35741 total_time: 45.7716s perm_time 9.752e-06 train_rmse: 0.307094 test_rmse: 0.329859
[Epoch Stats] epoch: 14 epoch_time: 3.34537 total_time: 49.2576s perm_time 9.421e-06 train_rmse: 0.306689 test_rmse: 0.330193
[Epoch Stats] epoch: 15 epoch_time: 3.26408 total_time: 52.6638s perm_time 9.569e-06 train_rmse: 0.305737 test_rmse: 0.330842
[Epoch Stats] epoch: 16 epoch_time: 3.4017 total_time: 56.1983s perm_time 5.235e-06 train_rmse: 0.305486 test_rmse: 0.330469
[Epoch Stats] epoch: 17 epoch_time: 3.32565 total_time: 59.7122s perm_time 9.786e-06 train_rmse: 0.305008 test_rmse: 0.331562
[Epoch Stats] epoch: 18 epoch_time: 3.38428 total_time: 63.2647s perm_time 6.876e-06 train_rmse: 0.304486 test_rmse: 0.331077
[Epoch Stats] epoch: 19 epoch_time: 3.35351 total_time: 66.7746s perm_time 9.528e-06 train_rmse: 0.30401 test_rmse: 0.331177
[Epoch Stats] epoch: 20 epoch_time: 3.34922 total_time: 70.282s perm_time 5.809e-06 train_rmse: 0.303762 test_rmse: 0.33205
