Starting Training...47236 rows=781265 nExamples=59938577
# [freeforall_generic]  Parameters:
# [freeforall_generic]  nepochs=20 nSplits=6 nShufflers=1
# [freeforall_generic]  initial_stepsize=0.01 step_diminish=1
[Epoch Stats] epoch: 1 epoch_time: 0.528647 total_time: 0.665594s perm_time 1.0595e-05 train_rmse: 0.371901 test_rmse: 0.367975
[Epoch Stats] epoch: 2 epoch_time: 0.476663 total_time: 1.28088s perm_time 1.2188e-05 train_rmse: 0.355671 test_rmse: 0.351261
[Epoch Stats] epoch: 3 epoch_time: 0.441096 total_time: 1.82418s perm_time 6.731e-06 train_rmse: 0.348183 test_rmse: 0.343705
[Epoch Stats] epoch: 4 epoch_time: 0.485527 total_time: 2.44482s perm_time 1.0094e-05 train_rmse: 0.343546 test_rmse: 0.339723
[Epoch Stats] epoch: 5 epoch_time: 0.442742 total_time: 2.98828s perm_time 8.798e-06 train_rmse: 0.340292 test_rmse: 0.336882
[Epoch Stats] epoch: 6 epoch_time: 0.449627 total_time: 3.5266s perm_time 1.0143e-05 train_rmse: 0.337701 test_rmse: 0.335006
[Epoch Stats] epoch: 7 epoch_time: 0.446714 total_time: 4.11843s perm_time 9.98e-06 train_rmse: 0.335654 test_rmse: 0.333298
[Epoch Stats] epoch: 8 epoch_time: 0.465343 total_time: 4.71636s perm_time 1.028e-05 train_rmse: 0.333949 test_rmse: 0.332253
[Epoch Stats] epoch: 9 epoch_time: 0.446564 total_time: 5.3008s perm_time 1.0003e-05 train_rmse: 0.332455 test_rmse: 0.331354
[Epoch Stats] epoch: 10 epoch_time: 0.464055 total_time: 5.86677s perm_time 1.0798e-05 train_rmse: 0.331179 test_rmse: 0.330566
[Epoch Stats] epoch: 11 epoch_time: 0.441427 total_time: 6.40602s perm_time 9.99e-06 train_rmse: 0.330037 test_rmse: 0.330112
[Epoch Stats] epoch: 12 epoch_time: 0.489728 total_time: 7.02473s perm_time 1.027e-05 train_rmse: 0.329024 test_rmse: 0.32964
[Epoch Stats] epoch: 13 epoch_time: 0.451369 total_time: 7.57631s perm_time 1.0347e-05 train_rmse: 0.328103 test_rmse: 0.329194
[Epoch Stats] epoch: 14 epoch_time: 0.457255 total_time: 8.16804s perm_time 1.0779e-05 train_rmse: 0.32723 test_rmse: 0.328771
[Epoch Stats] epoch: 15 epoch_time: 0.479759 total_time: 8.77928s perm_time 1.0357e-05 train_rmse: 0.326459 test_rmse: 0.32865
[Epoch Stats] epoch: 16 epoch_time: 0.463137 total_time: 9.36669s perm_time 1.1105e-05 train_rmse: 0.325721 test_rmse: 0.328259
[Epoch Stats] epoch: 17 epoch_time: 0.463022 total_time: 9.93315s perm_time 1.0548e-05 train_rmse: 0.325069 test_rmse: 0.328032
[Epoch Stats] epoch: 18 epoch_time: 0.473457 total_time: 10.5367s perm_time 1.0808e-05 train_rmse: 0.324427 test_rmse: 0.327794
[Epoch Stats] epoch: 19 epoch_time: 0.46216 total_time: 11.1354s perm_time 9.846e-06 train_rmse: 0.323847 test_rmse: 0.327602
[Epoch Stats] epoch: 20 epoch_time: 0.44506 total_time: 11.7227s perm_time 1.0467e-05 train_rmse: 0.323289 test_rmse: 0.327589
